{
"contracts/governance/ERC20VotesNonTransferable.sol":{"l":{"16":1,"21":1,"26":1,"32":1,"38":1,"44":1,"51":1},"path":"/Users/kupermind/dev/onchain-protocol/contracts/governance/ERC20VotesNonTransferable.sol","s":{},"b":{},"f":{"1":1,"2":1,"3":1,"4":1,"5":1,"6":1,"7":1},"fnMap":{"1":{"name":"transfer","line":15,"loc":{"start":{"line":15,"column":4},"end":{"line":17,"column":4}}},"2":{"name":"approve","line":20,"loc":{"start":{"line":20,"column":4},"end":{"line":22,"column":4}}},"3":{"name":"transferFrom","line":25,"loc":{"start":{"line":25,"column":4},"end":{"line":27,"column":4}}},"4":{"name":"allowance","line":30,"loc":{"start":{"line":30,"column":4},"end":{"line":33,"column":4}}},"5":{"name":"delegates","line":36,"loc":{"start":{"line":36,"column":4},"end":{"line":39,"column":4}}},"6":{"name":"delegate","line":42,"loc":{"start":{"line":42,"column":4},"end":{"line":45,"column":4}}},"7":{"name":"delegateBySig","line":48,"loc":{"start":{"line":48,"column":4},"end":{"line":52,"column":4}}}},"statementMap":{},"branchMap":{}},
"contracts/governance/GovernorBravoOLA.sol":{"l":{"34":10,"50":5,"57":5,"74":2,"90":1,"97":9,"106":1},"path":"/Users/kupermind/dev/onchain-protocol/contracts/governance/GovernorBravoOLA.sol","s":{"1":10,"2":5,"3":5,"4":2,"5":1,"6":9,"7":1},"b":{},"f":{"1":18,"2":10,"3":5,"4":5,"5":2,"6":1,"7":9,"8":1},"fnMap":{"1":{"name":"constructor","line":26,"loc":{"start":{"line":14,"column":4},"end":{"line":27,"column":5}}},"2":{"name":"state","line":31,"loc":{"start":{"line":31,"column":4},"end":{"line":35,"column":4}}},"3":{"name":"propose","line":43,"loc":{"start":{"line":43,"column":4},"end":{"line":51,"column":4}}},"4":{"name":"proposalThreshold","line":55,"loc":{"start":{"line":55,"column":4},"end":{"line":58,"column":4}}},"5":{"name":"_execute","line":66,"loc":{"start":{"line":66,"column":4},"end":{"line":75,"column":4}}},"6":{"name":"_cancel","line":83,"loc":{"start":{"line":83,"column":4},"end":{"line":91,"column":4}}},"7":{"name":"_executor","line":95,"loc":{"start":{"line":95,"column":4},"end":{"line":98,"column":4}}},"8":{"name":"supportsInterface","line":103,"loc":{"start":{"line":103,"column":4},"end":{"line":107,"column":4}}}},"statementMap":{"1":{"start":{"line":34,"column":8},"end":{"line":34,"column":38}},"2":{"start":{"line":50,"column":8},"end":{"line":50,"column":69}},"3":{"start":{"line":57,"column":8},"end":{"line":57,"column":40}},"4":{"start":{"line":74,"column":8},"end":{"line":74,"column":78}},"5":{"start":{"line":90,"column":8},"end":{"line":90,"column":73}},"6":{"start":{"line":97,"column":8},"end":{"line":97,"column":32}},"7":{"start":{"line":106,"column":8},"end":{"line":106,"column":51}}},"branchMap":{}},
"contracts/governance/Timelock.sol":{"l":{},"path":"/Users/kupermind/dev/onchain-protocol/contracts/governance/Timelock.sol","s":{},"b":{},"f":{"1":21},"fnMap":{"1":{"name":"constructor","line":10,"loc":{"start":{"line":9,"column":4},"end":{"line":11,"column":5}}}},"statementMap":{},"branchMap":{}},
"contracts/governance/VotingEscrow.sol":{"l":{"91":90,"92":90,"93":90,"94":90,"96":90,"103":1,"104":1,"105":1,"113":1,"121":1,"133":45,"134":45,"135":45,"136":45,"137":45,"139":45,"142":44,"143":44,"144":18,"145":18,"147":44,"148":39,"149":39,"155":44,"156":44,"157":39,"158":17,"160":22,"165":45,"166":45,"167":28,"169":17,"171":45,"174":45,"175":45,"176":45,"177":28,"181":45,"182":45,"183":45,"186":49,"187":49,"188":49,"189":45,"191":4,"193":49,"194":49,"195":49,"197":0,"199":49,"201":0,"203":49,"204":49,"205":49,"206":49,"207":49,"208":49,"209":45,"210":45,"211":45,"213":4,"218":45,"221":45,"223":44,"224":44,"225":44,"226":0,"228":44,"229":0,"234":45,"236":45,"240":44,"242":18,"243":18,"244":17,"246":18,"249":44,"250":39,"251":22,"252":22,"257":44,"258":44,"259":44,"260":44,"277":39,"278":39,"280":39,"281":39,"283":39,"284":39,"285":22,"287":39,"293":39,"295":39,"296":39,"297":38,"300":39,"301":39,"306":1,"315":13,"317":13,"318":1,"321":12,"322":1,"325":11,"326":1,"328":10,"336":25,"337":25,"339":25,"340":1,"343":24,"344":1,"347":23,"348":1,"351":22,"352":1,"355":21,"361":10,"363":10,"364":1,"367":9,"368":1,"371":8,"372":1,"375":7,"381":5,"382":5,"384":5,"385":1,"388":4,"389":1,"392":3,"393":1,"396":2,"397":1,"400":1,"405":7,"406":7,"407":2,"409":5,"411":5,"412":5,"413":5,"418":5,"420":5,"421":5,"423":5,"435":40,"436":40,"437":17,"438":17,"439":1,"441":16,"443":23,"447":39,"448":96,"449":39,"451":57,"454":57,"455":13,"457":44,"460":57,"461":41,"463":16,"468":39,"469":16,"471":23,"480":17,"481":17,"482":12,"484":5,"485":5,"486":5,"487":5,"496":5,"503":1,"512":6,"514":6,"515":6,"522":17,"531":19,"532":2,"535":17,"536":17,"538":17,"539":17,"540":17,"541":3,"542":3,"543":3,"545":14,"546":14,"548":17,"549":17,"550":17,"560":11,"563":11,"566":10,"567":10,"568":10,"577":9,"578":9,"579":10,"580":10,"581":10,"582":9,"584":1,"586":10,"587":10,"588":9,"590":1,"591":1,"594":9,"595":8,"602":2,"610":6,"612":6,"613":6,"621":2,"622":2,"628":1,"635":8,"637":7},"path":"/Users/kupermind/dev/onchain-protocol/contracts/governance/VotingEscrow.sol","s":{"1":90,"2":90,"3":90,"4":90,"5":90,"6":1,"7":1,"8":1,"9":1,"10":1,"11":45,"12":45,"13":45,"14":45,"15":45,"16":45,"17":44,"18":44,"19":18,"20":18,"21":44,"22":39,"23":39,"24":44,"25":44,"26":39,"27":17,"28":22,"29":45,"30":45,"31":28,"32":17,"33":45,"34":45,"35":45,"36":45,"37":28,"38":45,"39":45,"40":49,"41":49,"42":49,"43":45,"44":4,"45":49,"46":49,"47":49,"48":0,"49":49,"50":0,"51":49,"52":49,"53":49,"54":49,"55":49,"56":49,"57":45,"58":45,"59":4,"60":45,"61":45,"62":44,"63":44,"64":44,"65":0,"66":44,"67":0,"68":45,"69":45,"70":44,"71":18,"72":18,"73":17,"74":18,"75":44,"76":39,"77":22,"78":22,"79":44,"80":44,"81":44,"82":44,"83":39,"84":39,"85":39,"86":39,"87":39,"88":39,"89":22,"90":39,"91":39,"92":39,"93":39,"94":38,"95":39,"96":39,"97":1,"98":13,"99":13,"100":12,"101":11,"102":10,"103":25,"104":25,"105":25,"106":24,"107":23,"108":22,"109":21,"110":10,"111":10,"112":9,"113":8,"114":7,"115":5,"116":5,"117":5,"118":4,"119":3,"120":2,"121":1,"122":7,"123":7,"124":5,"125":5,"126":5,"127":5,"128":5,"129":5,"130":5,"131":5,"132":40,"133":40,"134":17,"135":17,"136":1,"137":16,"138":23,"139":39,"140":96,"141":57,"142":57,"143":13,"144":44,"145":57,"146":41,"147":16,"148":39,"149":16,"150":23,"151":17,"152":17,"153":12,"154":5,"155":5,"156":5,"157":5,"158":5,"159":1,"160":6,"161":6,"162":6,"163":17,"164":19,"165":17,"166":17,"167":17,"168":17,"169":17,"170":3,"171":3,"172":3,"173":14,"174":14,"175":17,"176":17,"177":17,"178":11,"179":11,"180":10,"181":10,"182":10,"183":9,"184":9,"185":10,"186":10,"187":10,"188":9,"189":1,"190":10,"191":10,"192":1,"193":1,"194":9,"195":8,"196":2,"197":6,"198":6,"199":6,"200":2,"201":2,"202":1,"203":8,"204":7},"b":{"1":[1,0],"2":[44,1],"3":[18,26],"4":[39,5],"5":[39,5],"6":[17,22],"7":[28,17],"8":[28,17],"9":[45,4],"10":[0,49],"11":[0,49],"12":[45,4],"13":[44,1],"14":[0,44],"15":[0,44],"16":[44,1],"17":[18,26],"18":[17,1],"19":[39,5],"20":[22,17],"21":[22,17],"22":[38,1],"23":[1,12],"24":[1,11],"25":[1,10],"26":[1,24],"27":[1,23],"28":[1,22],"29":[1,21],"30":[1,9],"31":[1,8],"32":[1,7],"33":[1,4],"34":[1,3],"35":[1,2],"36":[1,1],"37":[2,5],"38":[17,23],"39":[1,16],"40":[39,57],"41":[13,44],"42":[41,16],"43":[16,23],"44":[12,5],"45":[5,0],"46":[6,0],"47":[2,17],"48":[3,14],"49":[17,0],"50":[10,0],"51":[9,1],"52":[9,1],"53":[8,1],"54":[6,0]},"f":{"1":90,"2":1,"3":1,"4":1,"5":45,"6":39,"7":1,"8":13,"9":25,"10":10,"11":5,"12":7,"13":40,"14":17,"15":5,"16":1,"17":6,"18":17,"19":19,"20":11,"21":9,"22":2,"23":6,"24":2,"25":1,"26":8},"fnMap":{"1":{"name":"constructor","line":89,"loc":{"start":{"line":89,"column":4},"end":{"line":97,"column":4}}},"2":{"name":"getLastUserPoint","line":102,"loc":{"start":{"line":102,"column":4},"end":{"line":107,"column":4}}},"3":{"name":"getNumUserPoints","line":112,"loc":{"start":{"line":112,"column":4},"end":{"line":114,"column":4}}},"4":{"name":"getUserPoint","line":120,"loc":{"start":{"line":120,"column":4},"end":{"line":122,"column":4}}},"5":{"name":"_checkpoint","line":128,"loc":{"start":{"line":128,"column":4},"end":{"line":262,"column":4}}},"6":{"name":"_depositFor","line":270,"loc":{"start":{"line":270,"column":4},"end":{"line":302,"column":4}}},"7":{"name":"checkpoint","line":305,"loc":{"start":{"line":305,"column":4},"end":{"line":307,"column":4}}},"8":{"name":"depositFor","line":314,"loc":{"start":{"line":314,"column":4},"end":{"line":329,"column":4}}},"9":{"name":"createLock","line":334,"loc":{"start":{"line":334,"column":4},"end":{"line":356,"column":4}}},"10":{"name":"increaseAmount","line":360,"loc":{"start":{"line":360,"column":4},"end":{"line":376,"column":4}}},"11":{"name":"increaseUnlockTime","line":380,"loc":{"start":{"line":380,"column":4},"end":{"line":401,"column":4}}},"12":{"name":"withdraw","line":404,"loc":{"start":{"line":404,"column":4},"end":{"line":424,"column":4}}},"13":{"name":"_findPointByBlock","line":431,"loc":{"start":{"line":431,"column":4},"end":{"line":473,"column":4}}},"14":{"name":"_balanceOfLocked","line":479,"loc":{"start":{"line":479,"column":4},"end":{"line":490,"column":4}}},"15":{"name":"balanceOf","line":495,"loc":{"start":{"line":495,"column":4},"end":{"line":497,"column":4}}},"16":{"name":"lockedEnd","line":502,"loc":{"start":{"line":502,"column":4},"end":{"line":504,"column":4}}},"17":{"name":"balanceOfAt","line":510,"loc":{"start":{"line":510,"column":4},"end":{"line":517,"column":4}}},"18":{"name":"getVotes","line":521,"loc":{"start":{"line":521,"column":4},"end":{"line":523,"column":4}}},"19":{"name":"_getBlockTime","line":529,"loc":{"start":{"line":529,"column":4},"end":{"line":552,"column":4}}},"20":{"name":"getPastVotes","line":558,"loc":{"start":{"line":558,"column":4},"end":{"line":570,"column":4}}},"21":{"name":"_supplyLockedAt","line":576,"loc":{"start":{"line":576,"column":4},"end":{"line":597,"column":4}}},"22":{"name":"totalSupply","line":601,"loc":{"start":{"line":601,"column":4},"end":{"line":603,"column":4}}},"23":{"name":"totalSupplyAt","line":608,"loc":{"start":{"line":608,"column":4},"end":{"line":615,"column":4}}},"24":{"name":"totalSupplyLockedAtT","line":620,"loc":{"start":{"line":620,"column":4},"end":{"line":623,"column":4}}},"25":{"name":"totalSupplyLocked","line":627,"loc":{"start":{"line":627,"column":4},"end":{"line":629,"column":4}}},"26":{"name":"getPastTotalSupply","line":634,"loc":{"start":{"line":634,"column":4},"end":{"line":638,"column":4}}}},"statementMap":{"1":{"start":{"line":91,"column":8},"end":{"line":91,"column":21}},"2":{"start":{"line":92,"column":8},"end":{"line":92,"column":19}},"3":{"start":{"line":93,"column":8},"end":{"line":93,"column":23}},"4":{"start":{"line":94,"column":8},"end":{"line":94,"column":42}},"5":{"start":{"line":96,"column":8},"end":{"line":96,"column":79}},"6":{"start":{"line":103,"column":8},"end":{"line":103,"column":63}},"7":{"start":{"line":104,"column":8},"end":{"line":104,"column":4069}},"8":{"start":{"line":105,"column":12},"end":{"line":105,"column":59}},"9":{"start":{"line":113,"column":8},"end":{"line":113,"column":55}},"10":{"start":{"line":121,"column":8},"end":{"line":121,"column":42}},"11":{"start":{"line":133,"column":8},"end":{"line":133,"column":31}},"12":{"start":{"line":134,"column":8},"end":{"line":134,"column":31}},"13":{"start":{"line":135,"column":8},"end":{"line":135,"column":24}},"14":{"start":{"line":136,"column":8},"end":{"line":136,"column":24}},"15":{"start":{"line":137,"column":8},"end":{"line":137,"column":44}},"16":{"start":{"line":139,"column":8},"end":{"line":139,"column":5451}},"17":{"start":{"line":142,"column":12},"end":{"line":142,"column":52}},"18":{"start":{"line":143,"column":12},"end":{"line":143,"column":5639}},"19":{"start":{"line":144,"column":16},"end":{"line":144,"column":54}},"20":{"start":{"line":145,"column":16},"end":{"line":145,"column":87}},"21":{"start":{"line":147,"column":12},"end":{"line":147,"column":5875}},"22":{"start":{"line":148,"column":16},"end":{"line":148,"column":54}},"23":{"start":{"line":149,"column":16},"end":{"line":149,"column":87}},"24":{"start":{"line":155,"column":12},"end":{"line":155,"column":53}},"25":{"start":{"line":156,"column":12},"end":{"line":156,"column":6388}},"26":{"start":{"line":157,"column":16},"end":{"line":157,"column":6434}},"27":{"start":{"line":158,"column":20},"end":{"line":158,"column":40}},"28":{"start":{"line":160,"column":20},"end":{"line":160,"column":61}},"29":{"start":{"line":165,"column":8},"end":{"line":165,"column":36}},"30":{"start":{"line":166,"column":8},"end":{"line":166,"column":6685}},"31":{"start":{"line":167,"column":12},"end":{"line":167,"column":51}},"32":{"start":{"line":169,"column":12},"end":{"line":169,"column":79}},"33":{"start":{"line":171,"column":8},"end":{"line":171,"column":45}},"34":{"start":{"line":174,"column":8},"end":{"line":174,"column":51}},"35":{"start":{"line":175,"column":8},"end":{"line":175,"column":27}},"36":{"start":{"line":176,"column":8},"end":{"line":176,"column":7199}},"37":{"start":{"line":177,"column":12},"end":{"line":177,"column":107}},"38":{"start":{"line":182,"column":12},"end":{"line":182,"column":58}},"39":{"start":{"line":183,"column":12},"end":{"line":183,"column":7651}},"40":{"start":{"line":186,"column":16},"end":{"line":186,"column":28}},"41":{"start":{"line":187,"column":16},"end":{"line":187,"column":29}},"42":{"start":{"line":188,"column":16},"end":{"line":188,"column":7944}},"43":{"start":{"line":189,"column":20},"end":{"line":189,"column":42}},"44":{"start":{"line":191,"column":20},"end":{"line":191,"column":50}},"45":{"start":{"line":193,"column":16},"end":{"line":193,"column":89}},"46":{"start":{"line":194,"column":16},"end":{"line":194,"column":40}},"47":{"start":{"line":195,"column":16},"end":{"line":195,"column":8267}},"48":{"start":{"line":197,"column":20},"end":{"line":197,"column":37}},"49":{"start":{"line":199,"column":16},"end":{"line":199,"column":8420}},"50":{"start":{"line":201,"column":20},"end":{"line":201,"column":38}},"51":{"start":{"line":203,"column":16},"end":{"line":203,"column":37}},"52":{"start":{"line":204,"column":16},"end":{"line":204,"column":35}},"53":{"start":{"line":205,"column":16},"end":{"line":205,"column":114}},"54":{"start":{"line":206,"column":16},"end":{"line":206,"column":55}},"55":{"start":{"line":207,"column":16},"end":{"line":207,"column":31}},"56":{"start":{"line":208,"column":16},"end":{"line":208,"column":8866}},"57":{"start":{"line":209,"column":20},"end":{"line":209,"column":55}},"58":{"start":{"line":210,"column":20},"end":{"line":210,"column":45}},"59":{"start":{"line":213,"column":20},"end":{"line":213,"column":59}},"60":{"start":{"line":218,"column":8},"end":{"line":218,"column":35}},"61":{"start":{"line":221,"column":8},"end":{"line":221,"column":9260}},"62":{"start":{"line":223,"column":12},"end":{"line":223,"column":55}},"63":{"start":{"line":224,"column":12},"end":{"line":224,"column":52}},"64":{"start":{"line":225,"column":12},"end":{"line":225,"column":9541}},"65":{"start":{"line":226,"column":16},"end":{"line":226,"column":34}},"66":{"start":{"line":228,"column":12},"end":{"line":228,"column":9631}},"67":{"start":{"line":229,"column":16},"end":{"line":229,"column":33}},"68":{"start":{"line":234,"column":8},"end":{"line":234,"column":47}},"69":{"start":{"line":236,"column":8},"end":{"line":236,"column":9814}},"70":{"start":{"line":240,"column":12},"end":{"line":240,"column":10043}},"71":{"start":{"line":242,"column":16},"end":{"line":242,"column":38}},"72":{"start":{"line":243,"column":16},"end":{"line":243,"column":10220}},"73":{"start":{"line":244,"column":20},"end":{"line":244,"column":42}},"74":{"start":{"line":246,"column":16},"end":{"line":246,"column":57}},"75":{"start":{"line":249,"column":12},"end":{"line":249,"column":10443}},"76":{"start":{"line":250,"column":16},"end":{"line":250,"column":10502}},"77":{"start":{"line":251,"column":20},"end":{"line":251,"column":42}},"78":{"start":{"line":252,"column":20},"end":{"line":252,"column":61}},"79":{"start":{"line":257,"column":12},"end":{"line":257,"column":36}},"80":{"start":{"line":258,"column":12},"end":{"line":258,"column":42}},"81":{"start":{"line":259,"column":12},"end":{"line":259,"column":60}},"82":{"start":{"line":260,"column":12},"end":{"line":260,"column":44}},"83":{"start":{"line":277,"column":8},"end":{"line":277,"column":37}},"84":{"start":{"line":278,"column":8},"end":{"line":278,"column":37}},"85":{"start":{"line":280,"column":8},"end":{"line":280,"column":38}},"86":{"start":{"line":281,"column":8},"end":{"line":281,"column":84}},"87":{"start":{"line":283,"column":8},"end":{"line":283,"column":53}},"88":{"start":{"line":284,"column":8},"end":{"line":284,"column":11964}},"89":{"start":{"line":285,"column":12},"end":{"line":285,"column":41}},"90":{"start":{"line":287,"column":8},"end":{"line":287,"column":49}},"91":{"start":{"line":293,"column":8},"end":{"line":293,"column":53}},"92":{"start":{"line":295,"column":8},"end":{"line":295,"column":33}},"93":{"start":{"line":296,"column":8},"end":{"line":296,"column":12436}},"94":{"start":{"line":297,"column":12},"end":{"line":297,"column":70}},"95":{"start":{"line":300,"column":8},"end":{"line":300,"column":86}},"96":{"start":{"line":301,"column":8},"end":{"line":301,"column":56}},"97":{"start":{"line":306,"column":8},"end":{"line":306,"column":72}},"98":{"start":{"line":315,"column":8},"end":{"line":315,"column":71}},"99":{"start":{"line":317,"column":8},"end":{"line":317,"column":13364}},"100":{"start":{"line":321,"column":8},"end":{"line":321,"column":13482}},"101":{"start":{"line":325,"column":8},"end":{"line":325,"column":13609}},"102":{"start":{"line":328,"column":8},"end":{"line":328,"column":83}},"103":{"start":{"line":336,"column":8},"end":{"line":336,"column":66}},"104":{"start":{"line":337,"column":8},"end":{"line":337,"column":74}},"105":{"start":{"line":339,"column":8},"end":{"line":339,"column":14364}},"106":{"start":{"line":343,"column":8},"end":{"line":343,"column":14503}},"107":{"start":{"line":347,"column":8},"end":{"line":347,"column":14674}},"108":{"start":{"line":351,"column":8},"end":{"line":351,"column":14871}},"109":{"start":{"line":355,"column":8},"end":{"line":355,"column":95}},"110":{"start":{"line":361,"column":8},"end":{"line":361,"column":74}},"111":{"start":{"line":363,"column":8},"end":{"line":363,"column":15488}},"112":{"start":{"line":367,"column":8},"end":{"line":367,"column":15606}},"113":{"start":{"line":371,"column":8},"end":{"line":371,"column":15736}},"114":{"start":{"line":375,"column":8},"end":{"line":375,"column":90}},"115":{"start":{"line":381,"column":8},"end":{"line":381,"column":74}},"116":{"start":{"line":382,"column":8},"end":{"line":382,"column":66}},"117":{"start":{"line":384,"column":8},"end":{"line":384,"column":16337}},"118":{"start":{"line":388,"column":8},"end":{"line":388,"column":16467}},"119":{"start":{"line":392,"column":8},"end":{"line":392,"column":16656}},"120":{"start":{"line":396,"column":8},"end":{"line":396,"column":16857}},"121":{"start":{"line":400,"column":8},"end":{"line":400,"column":94}},"122":{"start":{"line":405,"column":8},"end":{"line":405,"column":74}},"123":{"start":{"line":406,"column":8},"end":{"line":406,"column":17333}},"124":{"start":{"line":409,"column":8},"end":{"line":409,"column":62}},"125":{"start":{"line":411,"column":8},"end":{"line":411,"column":57}},"126":{"start":{"line":412,"column":8},"end":{"line":412,"column":37}},"127":{"start":{"line":413,"column":8},"end":{"line":413,"column":37}},"128":{"start":{"line":418,"column":8},"end":{"line":418,"column":65}},"129":{"start":{"line":420,"column":8},"end":{"line":420,"column":58}},"130":{"start":{"line":421,"column":8},"end":{"line":421,"column":41}},"131":{"start":{"line":423,"column":8},"end":{"line":423,"column":53}},"132":{"start":{"line":435,"column":8},"end":{"line":435,"column":30}},"133":{"start":{"line":436,"column":8},"end":{"line":436,"column":18600}},"134":{"start":{"line":437,"column":12},"end":{"line":437,"column":57}},"135":{"start":{"line":438,"column":12},"end":{"line":438,"column":18705}},"136":{"start":{"line":439,"column":16},"end":{"line":439,"column":46}},"137":{"start":{"line":441,"column":12},"end":{"line":441,"column":30}},"138":{"start":{"line":443,"column":12},"end":{"line":443,"column":42}},"139":{"start":{"line":447,"column":8},"end":{"line":447,"column":18976}},"140":{"start":{"line":448,"column":12},"end":{"line":448,"column":19028}},"141":{"start":{"line":451,"column":12},"end":{"line":451,"column":67}},"142":{"start":{"line":454,"column":12},"end":{"line":454,"column":19230}},"143":{"start":{"line":455,"column":16},"end":{"line":455,"column":50}},"144":{"start":{"line":457,"column":16},"end":{"line":457,"column":43}},"145":{"start":{"line":460,"column":12},"end":{"line":460,"column":19406}},"146":{"start":{"line":461,"column":16},"end":{"line":461,"column":35}},"147":{"start":{"line":463,"column":16},"end":{"line":463,"column":39}},"148":{"start":{"line":468,"column":8},"end":{"line":468,"column":19607}},"149":{"start":{"line":469,"column":12},"end":{"line":469,"column":57}},"150":{"start":{"line":471,"column":12},"end":{"line":471,"column":50}},"151":{"start":{"line":480,"column":8},"end":{"line":480,"column":59}},"152":{"start":{"line":481,"column":8},"end":{"line":481,"column":20154}},"153":{"start":{"line":482,"column":12},"end":{"line":482,"column":20}},"154":{"start":{"line":484,"column":12},"end":{"line":484,"column":79}},"155":{"start":{"line":485,"column":12},"end":{"line":485,"column":79}},"156":{"start":{"line":486,"column":12},"end":{"line":486,"column":20396}},"157":{"start":{"line":487,"column":16},"end":{"line":487,"column":54}},"158":{"start":{"line":496,"column":8},"end":{"line":496,"column":67}},"159":{"start":{"line":503,"column":8},"end":{"line":503,"column":45}},"160":{"start":{"line":512,"column":8},"end":{"line":512,"column":79}},"161":{"start":{"line":514,"column":8},"end":{"line":514,"column":21621}},"162":{"start":{"line":515,"column":12},"end":{"line":515,"column":35}},"163":{"start":{"line":522,"column":8},"end":{"line":522,"column":57}},"164":{"start":{"line":531,"column":8},"end":{"line":531,"column":22412}},"165":{"start":{"line":535,"column":8},"end":{"line":535,"column":30}},"166":{"start":{"line":536,"column":8},"end":{"line":536,"column":75}},"167":{"start":{"line":538,"column":8},"end":{"line":538,"column":22}},"168":{"start":{"line":539,"column":8},"end":{"line":539,"column":18}},"169":{"start":{"line":540,"column":8},"end":{"line":540,"column":22758}},"170":{"start":{"line":541,"column":12},"end":{"line":541,"column":78}},"171":{"start":{"line":542,"column":12},"end":{"line":542,"column":61}},"172":{"start":{"line":543,"column":12},"end":{"line":543,"column":39}},"173":{"start":{"line":545,"column":12},"end":{"line":545,"column":52}},"174":{"start":{"line":546,"column":12},"end":{"line":546,"column":42}},"175":{"start":{"line":548,"column":8},"end":{"line":548,"column":27}},"176":{"start":{"line":549,"column":8},"end":{"line":549,"column":23148}},"177":{"start":{"line":550,"column":12},"end":{"line":550,"column":73}},"178":{"start":{"line":560,"column":8},"end":{"line":560,"column":79}},"179":{"start":{"line":563,"column":8},"end":{"line":563,"column":58}},"180":{"start":{"line":566,"column":8},"end":{"line":566,"column":82}},"181":{"start":{"line":567,"column":8},"end":{"line":567,"column":23943}},"182":{"start":{"line":568,"column":12},"end":{"line":568,"column":50}},"183":{"start":{"line":577,"column":8},"end":{"line":577,"column":52}},"184":{"start":{"line":578,"column":8},"end":{"line":578,"column":24474}},"185":{"start":{"line":579,"column":12},"end":{"line":579,"column":24}},"186":{"start":{"line":580,"column":12},"end":{"line":580,"column":25}},"187":{"start":{"line":581,"column":12},"end":{"line":581,"column":24580}},"188":{"start":{"line":582,"column":16},"end":{"line":582,"column":25}},"189":{"start":{"line":584,"column":16},"end":{"line":584,"column":46}},"190":{"start":{"line":586,"column":12},"end":{"line":586,"column":91}},"191":{"start":{"line":587,"column":12},"end":{"line":587,"column":24816}},"192":{"start":{"line":590,"column":12},"end":{"line":590,"column":36}},"193":{"start":{"line":591,"column":12},"end":{"line":591,"column":31}},"194":{"start":{"line":594,"column":8},"end":{"line":594,"column":24960}},"195":{"start":{"line":595,"column":12},"end":{"line":595,"column":53}},"196":{"start":{"line":602,"column":8},"end":{"line":602,"column":21}},"197":{"start":{"line":610,"column":8},"end":{"line":610,"column":82}},"198":{"start":{"line":612,"column":8},"end":{"line":612,"column":25769}},"199":{"start":{"line":613,"column":12},"end":{"line":613,"column":36}},"200":{"start":{"line":621,"column":8},"end":{"line":621,"column":70}},"201":{"start":{"line":622,"column":8},"end":{"line":622,"column":45}},"202":{"start":{"line":628,"column":8},"end":{"line":628,"column":52}},"203":{"start":{"line":635,"column":8},"end":{"line":635,"column":83}},"204":{"start":{"line":637,"column":8},"end":{"line":637,"column":49}}},"branchMap":{"1":{"line":104,"type":"if","locations":[{"start":{"line":104,"column":8},"end":{"line":104,"column":8}},{"start":{"line":104,"column":8},"end":{"line":104,"column":8}}]},"2":{"line":139,"type":"if","locations":[{"start":{"line":139,"column":8},"end":{"line":139,"column":8}},{"start":{"line":139,"column":8},"end":{"line":139,"column":8}}]},"3":{"line":143,"type":"if","locations":[{"start":{"line":143,"column":12},"end":{"line":143,"column":12}},{"start":{"line":143,"column":12},"end":{"line":143,"column":12}}]},"4":{"line":147,"type":"if","locations":[{"start":{"line":147,"column":12},"end":{"line":147,"column":12}},{"start":{"line":147,"column":12},"end":{"line":147,"column":12}}]},"5":{"line":156,"type":"if","locations":[{"start":{"line":156,"column":12},"end":{"line":156,"column":12}},{"start":{"line":156,"column":12},"end":{"line":156,"column":12}}]},"6":{"line":157,"type":"if","locations":[{"start":{"line":157,"column":16},"end":{"line":157,"column":16}},{"start":{"line":157,"column":16},"end":{"line":157,"column":16}}]},"7":{"line":166,"type":"if","locations":[{"start":{"line":166,"column":8},"end":{"line":166,"column":8}},{"start":{"line":166,"column":8},"end":{"line":166,"column":8}}]},"8":{"line":176,"type":"if","locations":[{"start":{"line":176,"column":8},"end":{"line":176,"column":8}},{"start":{"line":176,"column":8},"end":{"line":176,"column":8}}]},"9":{"line":188,"type":"if","locations":[{"start":{"line":188,"column":16},"end":{"line":188,"column":16}},{"start":{"line":188,"column":16},"end":{"line":188,"column":16}}]},"10":{"line":195,"type":"if","locations":[{"start":{"line":195,"column":16},"end":{"line":195,"column":16}},{"start":{"line":195,"column":16},"end":{"line":195,"column":16}}]},"11":{"line":199,"type":"if","locations":[{"start":{"line":199,"column":16},"end":{"line":199,"column":16}},{"start":{"line":199,"column":16},"end":{"line":199,"column":16}}]},"12":{"line":208,"type":"if","locations":[{"start":{"line":208,"column":16},"end":{"line":208,"column":16}},{"start":{"line":208,"column":16},"end":{"line":208,"column":16}}]},"13":{"line":221,"type":"if","locations":[{"start":{"line":221,"column":8},"end":{"line":221,"column":8}},{"start":{"line":221,"column":8},"end":{"line":221,"column":8}}]},"14":{"line":225,"type":"if","locations":[{"start":{"line":225,"column":12},"end":{"line":225,"column":12}},{"start":{"line":225,"column":12},"end":{"line":225,"column":12}}]},"15":{"line":228,"type":"if","locations":[{"start":{"line":228,"column":12},"end":{"line":228,"column":12}},{"start":{"line":228,"column":12},"end":{"line":228,"column":12}}]},"16":{"line":236,"type":"if","locations":[{"start":{"line":236,"column":8},"end":{"line":236,"column":8}},{"start":{"line":236,"column":8},"end":{"line":236,"column":8}}]},"17":{"line":240,"type":"if","locations":[{"start":{"line":240,"column":12},"end":{"line":240,"column":12}},{"start":{"line":240,"column":12},"end":{"line":240,"column":12}}]},"18":{"line":243,"type":"if","locations":[{"start":{"line":243,"column":16},"end":{"line":243,"column":16}},{"start":{"line":243,"column":16},"end":{"line":243,"column":16}}]},"19":{"line":249,"type":"if","locations":[{"start":{"line":249,"column":12},"end":{"line":249,"column":12}},{"start":{"line":249,"column":12},"end":{"line":249,"column":12}}]},"20":{"line":250,"type":"if","locations":[{"start":{"line":250,"column":16},"end":{"line":250,"column":16}},{"start":{"line":250,"column":16},"end":{"line":250,"column":16}}]},"21":{"line":284,"type":"if","locations":[{"start":{"line":284,"column":8},"end":{"line":284,"column":8}},{"start":{"line":284,"column":8},"end":{"line":284,"column":8}}]},"22":{"line":296,"type":"if","locations":[{"start":{"line":296,"column":8},"end":{"line":296,"column":8}},{"start":{"line":296,"column":8},"end":{"line":296,"column":8}}]},"23":{"line":317,"type":"if","locations":[{"start":{"line":317,"column":8},"end":{"line":317,"column":8}},{"start":{"line":317,"column":8},"end":{"line":317,"column":8}}]},"24":{"line":321,"type":"if","locations":[{"start":{"line":321,"column":8},"end":{"line":321,"column":8}},{"start":{"line":321,"column":8},"end":{"line":321,"column":8}}]},"25":{"line":325,"type":"if","locations":[{"start":{"line":325,"column":8},"end":{"line":325,"column":8}},{"start":{"line":325,"column":8},"end":{"line":325,"column":8}}]},"26":{"line":339,"type":"if","locations":[{"start":{"line":339,"column":8},"end":{"line":339,"column":8}},{"start":{"line":339,"column":8},"end":{"line":339,"column":8}}]},"27":{"line":343,"type":"if","locations":[{"start":{"line":343,"column":8},"end":{"line":343,"column":8}},{"start":{"line":343,"column":8},"end":{"line":343,"column":8}}]},"28":{"line":347,"type":"if","locations":[{"start":{"line":347,"column":8},"end":{"line":347,"column":8}},{"start":{"line":347,"column":8},"end":{"line":347,"column":8}}]},"29":{"line":351,"type":"if","locations":[{"start":{"line":351,"column":8},"end":{"line":351,"column":8}},{"start":{"line":351,"column":8},"end":{"line":351,"column":8}}]},"30":{"line":363,"type":"if","locations":[{"start":{"line":363,"column":8},"end":{"line":363,"column":8}},{"start":{"line":363,"column":8},"end":{"line":363,"column":8}}]},"31":{"line":367,"type":"if","locations":[{"start":{"line":367,"column":8},"end":{"line":367,"column":8}},{"start":{"line":367,"column":8},"end":{"line":367,"column":8}}]},"32":{"line":371,"type":"if","locations":[{"start":{"line":371,"column":8},"end":{"line":371,"column":8}},{"start":{"line":371,"column":8},"end":{"line":371,"column":8}}]},"33":{"line":384,"type":"if","locations":[{"start":{"line":384,"column":8},"end":{"line":384,"column":8}},{"start":{"line":384,"column":8},"end":{"line":384,"column":8}}]},"34":{"line":388,"type":"if","locations":[{"start":{"line":388,"column":8},"end":{"line":388,"column":8}},{"start":{"line":388,"column":8},"end":{"line":388,"column":8}}]},"35":{"line":392,"type":"if","locations":[{"start":{"line":392,"column":8},"end":{"line":392,"column":8}},{"start":{"line":392,"column":8},"end":{"line":392,"column":8}}]},"36":{"line":396,"type":"if","locations":[{"start":{"line":396,"column":8},"end":{"line":396,"column":8}},{"start":{"line":396,"column":8},"end":{"line":396,"column":8}}]},"37":{"line":406,"type":"if","locations":[{"start":{"line":406,"column":8},"end":{"line":406,"column":8}},{"start":{"line":406,"column":8},"end":{"line":406,"column":8}}]},"38":{"line":436,"type":"if","locations":[{"start":{"line":436,"column":8},"end":{"line":436,"column":8}},{"start":{"line":436,"column":8},"end":{"line":436,"column":8}}]},"39":{"line":438,"type":"if","locations":[{"start":{"line":438,"column":12},"end":{"line":438,"column":12}},{"start":{"line":438,"column":12},"end":{"line":438,"column":12}}]},"40":{"line":448,"type":"if","locations":[{"start":{"line":448,"column":12},"end":{"line":448,"column":12}},{"start":{"line":448,"column":12},"end":{"line":448,"column":12}}]},"41":{"line":454,"type":"if","locations":[{"start":{"line":454,"column":12},"end":{"line":454,"column":12}},{"start":{"line":454,"column":12},"end":{"line":454,"column":12}}]},"42":{"line":460,"type":"if","locations":[{"start":{"line":460,"column":12},"end":{"line":460,"column":12}},{"start":{"line":460,"column":12},"end":{"line":460,"column":12}}]},"43":{"line":468,"type":"if","locations":[{"start":{"line":468,"column":8},"end":{"line":468,"column":8}},{"start":{"line":468,"column":8},"end":{"line":468,"column":8}}]},"44":{"line":481,"type":"if","locations":[{"start":{"line":481,"column":8},"end":{"line":481,"column":8}},{"start":{"line":481,"column":8},"end":{"line":481,"column":8}}]},"45":{"line":486,"type":"if","locations":[{"start":{"line":486,"column":12},"end":{"line":486,"column":12}},{"start":{"line":486,"column":12},"end":{"line":486,"column":12}}]},"46":{"line":514,"type":"if","locations":[{"start":{"line":514,"column":8},"end":{"line":514,"column":8}},{"start":{"line":514,"column":8},"end":{"line":514,"column":8}}]},"47":{"line":531,"type":"if","locations":[{"start":{"line":531,"column":8},"end":{"line":531,"column":8}},{"start":{"line":531,"column":8},"end":{"line":531,"column":8}}]},"48":{"line":540,"type":"if","locations":[{"start":{"line":540,"column":8},"end":{"line":540,"column":8}},{"start":{"line":540,"column":8},"end":{"line":540,"column":8}}]},"49":{"line":549,"type":"if","locations":[{"start":{"line":549,"column":8},"end":{"line":549,"column":8}},{"start":{"line":549,"column":8},"end":{"line":549,"column":8}}]},"50":{"line":567,"type":"if","locations":[{"start":{"line":567,"column":8},"end":{"line":567,"column":8}},{"start":{"line":567,"column":8},"end":{"line":567,"column":8}}]},"51":{"line":581,"type":"if","locations":[{"start":{"line":581,"column":12},"end":{"line":581,"column":12}},{"start":{"line":581,"column":12},"end":{"line":581,"column":12}}]},"52":{"line":587,"type":"if","locations":[{"start":{"line":587,"column":12},"end":{"line":587,"column":12}},{"start":{"line":587,"column":12},"end":{"line":587,"column":12}}]},"53":{"line":594,"type":"if","locations":[{"start":{"line":594,"column":8},"end":{"line":594,"column":8}},{"start":{"line":594,"column":8},"end":{"line":594,"column":8}}]},"54":{"line":612,"type":"if","locations":[{"start":{"line":612,"column":8},"end":{"line":612,"column":8}},{"start":{"line":612,"column":8},"end":{"line":612,"column":8}}]}}},
"contracts/interfaces/IDispenser.sol":{"l":{},"path":"/Users/kupermind/dev/onchain-protocol/contracts/interfaces/IDispenser.sol","s":{},"b":{},"f":{},"fnMap":{},"statementMap":{},"branchMap":{}},
"contracts/interfaces/IErrors.sol":{"l":{},"path":"/Users/kupermind/dev/onchain-protocol/contracts/interfaces/IErrors.sol","s":{},"b":{},"f":{},"fnMap":{},"statementMap":{},"branchMap":{}},
"contracts/interfaces/IMultisig.sol":{"l":{},"path":"/Users/kupermind/dev/onchain-protocol/contracts/interfaces/IMultisig.sol","s":{},"b":{},"f":{},"fnMap":{},"statementMap":{},"branchMap":{}},
"contracts/interfaces/IOLA.sol":{"l":{},"path":"/Users/kupermind/dev/onchain-protocol/contracts/interfaces/IOLA.sol","s":{},"b":{},"f":{},"fnMap":{},"statementMap":{},"branchMap":{}},
"contracts/interfaces/IRegistry.sol":{"l":{},"path":"/Users/kupermind/dev/onchain-protocol/contracts/interfaces/IRegistry.sol","s":{},"b":{},"f":{},"fnMap":{},"statementMap":{},"branchMap":{}},
"contracts/interfaces/IService.sol":{"l":{},"path":"/Users/kupermind/dev/onchain-protocol/contracts/interfaces/IService.sol","s":{},"b":{},"f":{},"fnMap":{},"statementMap":{},"branchMap":{}},
"contracts/interfaces/IStructs.sol":{"l":{},"path":"/Users/kupermind/dev/onchain-protocol/contracts/interfaces/IStructs.sol","s":{},"b":{},"f":{},"fnMap":{},"statementMap":{},"branchMap":{}},
"contracts/interfaces/ITokenomics.sol":{"l":{},"path":"/Users/kupermind/dev/onchain-protocol/contracts/interfaces/ITokenomics.sol","s":{},"b":{},"f":{},"fnMap":{},"statementMap":{},"branchMap":{}},
"contracts/interfaces/ITreasury.sol":{"l":{},"path":"/Users/kupermind/dev/onchain-protocol/contracts/interfaces/ITreasury.sol","s":{},"b":{},"f":{},"fnMap":{},"statementMap":{},"branchMap":{}},
"contracts/interfaces/IVotingEscrow.sol":{"l":{},"path":"/Users/kupermind/dev/onchain-protocol/contracts/interfaces/IVotingEscrow.sol","s":{},"b":{},"f":{},"fnMap":{},"statementMap":{},"branchMap":{}},
"contracts/multisigs/GnosisSafeMultisig.sol":{"l":{"18":249,"19":249,"28":26,"29":1,"30":1,"65":26,"69":26,"73":26,"74":26,"75":26},"path":"/Users/kupermind/dev/onchain-protocol/contracts/multisigs/GnosisSafeMultisig.sol","s":{"1":249,"2":249,"3":26,"4":1,"5":26,"6":26,"7":26,"8":26,"9":26},"b":{"1":[1,25]},"f":{"1":249,"2":26,"3":26},"fnMap":{"1":{"name":"constructor","line":17,"loc":{"start":{"line":17,"column":4},"end":{"line":20,"column":4}}},"2":{"name":"_parseData","line":24,"loc":{"start":{"line":24,"column":4},"end":{"line":51,"column":4}}},"3":{"name":"create","line":58,"loc":{"start":{"line":58,"column":4},"end":{"line":76,"column":4}}}},"statementMap":{"1":{"start":{"line":18,"column":8},"end":{"line":18,"column":35}},"2":{"start":{"line":19,"column":8},"end":{"line":19,"column":55}},"3":{"start":{"line":28,"column":8},"end":{"line":28,"column":1292}},"4":{"start":{"line":29,"column":12},"end":{"line":29,"column":42}},"5":{"start":{"line":65,"column":8},"end":{"line":65,"column":2762}},"6":{"start":{"line":69,"column":8},"end":{"line":69,"column":3019}},"7":{"start":{"line":73,"column":8},"end":{"line":73,"column":88}},"8":{"start":{"line":74,"column":8},"end":{"line":74,"column":95}},"9":{"start":{"line":75,"column":8},"end":{"line":75,"column":33}}},"branchMap":{"1":{"line":28,"type":"if","locations":[{"start":{"line":28,"column":8},"end":{"line":28,"column":8}},{"start":{"line":28,"column":8},"end":{"line":28,"column":8}}]}}},
"contracts/registries/AgentRegistry.sol":{"l":{"43":357,"44":357,"49":146,"50":2,"52":144,"58":144,"59":2,"62":142,"63":2,"65":140,"71":76,"84":128,"85":128,"86":128,"87":128,"88":128,"89":128,"90":128,"109":134,"110":3,"114":131,"115":1,"120":130,"121":130,"122":33,"123":2,"125":31,"129":128,"130":128,"131":128,"132":128,"134":128,"145":6,"146":2,"148":4,"149":4,"150":4,"157":157,"172":2,"173":1,"175":1,"176":1,"186":43,"187":1,"189":42,"190":42,"200":3,"201":1,"203":2,"204":2,"210":2,"216":2,"222":1},"path":"/Users/kupermind/dev/onchain-protocol/contracts/registries/AgentRegistry.sol","s":{"1":357,"2":357,"3":146,"4":144,"5":142,"6":76,"7":128,"8":128,"9":128,"10":128,"11":128,"12":128,"13":128,"14":134,"15":131,"16":130,"17":130,"18":33,"19":31,"20":128,"21":128,"22":128,"23":128,"24":6,"25":4,"26":4,"27":4,"28":157,"29":2,"30":1,"31":1,"32":43,"33":42,"34":42,"35":3,"36":2,"37":2,"38":2,"39":2,"40":1},"b":{"1":[2,144],"2":[2,142],"3":[2,140],"4":[3,131],"5":[1,130],"6":[2,31],"7":[2,4],"8":[1,1],"9":[1,42],"10":[1,2]},"f":{"1":357,"2":146,"3":144,"4":76,"5":128,"6":134,"7":6,"8":157,"9":2,"10":43,"11":3,"12":2,"13":2,"14":1},"fnMap":{"1":{"name":"constructor","line":42,"loc":{"start":{"line":41,"column":4},"end":{"line":45,"column":4}}},"2":{"name":"onlyManager","line":48,"loc":{"start":{"line":48,"column":4},"end":{"line":53,"column":4}}},"3":{"name":"checkHash","line":56,"loc":{"start":{"line":56,"column":4},"end":{"line":66,"column":4}}},"4":{"name":"changeManager","line":70,"loc":{"start":{"line":70,"column":4},"end":{"line":72,"column":4}}},"5":{"name":"_setAgentInfo","line":80,"loc":{"start":{"line":80,"column":4},"end":{"line":91,"column":4}}},"6":{"name":"create","line":105,"loc":{"start":{"line":100,"column":4},"end":{"line":135,"column":4}}},"7":{"name":"updateHash","line":143,"loc":{"start":{"line":142,"column":4},"end":{"line":151,"column":4}}},"8":{"name":"exists","line":156,"loc":{"start":{"line":156,"column":4},"end":{"line":158,"column":4}}},"9":{"name":"getInfo","line":168,"loc":{"start":{"line":168,"column":4},"end":{"line":178,"column":4}}},"10":{"name":"getDependencies","line":183,"loc":{"start":{"line":183,"column":4},"end":{"line":191,"column":4}}},"11":{"name":"getHashes","line":197,"loc":{"start":{"line":197,"column":4},"end":{"line":205,"column":4}}},"12":{"name":"_baseURI","line":209,"loc":{"start":{"line":209,"column":4},"end":{"line":211,"column":4}}},"13":{"name":"getBaseURI","line":215,"loc":{"start":{"line":215,"column":4},"end":{"line":217,"column":4}}},"14":{"name":"setBaseURI","line":221,"loc":{"start":{"line":221,"column":4},"end":{"line":223,"column":4}}}},"statementMap":{"1":{"start":{"line":43,"column":8},"end":{"line":43,"column":23}},"2":{"start":{"line":44,"column":8},"end":{"line":44,"column":45}},"3":{"start":{"line":49,"column":8},"end":{"line":49,"column":1689}},"4":{"start":{"line":58,"column":8},"end":{"line":58,"column":1953}},"5":{"start":{"line":62,"column":8},"end":{"line":62,"column":2167}},"6":{"start":{"line":71,"column":8},"end":{"line":71,"column":28}},"7":{"start":{"line":84,"column":8},"end":{"line":84,"column":55}},"8":{"start":{"line":85,"column":8},"end":{"line":85,"column":34}},"9":{"start":{"line":86,"column":8},"end":{"line":86,"column":40}},"10":{"start":{"line":87,"column":8},"end":{"line":87,"column":38}},"11":{"start":{"line":88,"column":8},"end":{"line":88,"column":40}},"12":{"start":{"line":89,"column":8},"end":{"line":89,"column":26}},"13":{"start":{"line":90,"column":8},"end":{"line":90,"column":48}},"14":{"start":{"line":109,"column":8},"end":{"line":109,"column":3936}},"15":{"start":{"line":114,"column":8},"end":{"line":114,"column":4111}},"16":{"start":{"line":120,"column":8},"end":{"line":120,"column":26}},"17":{"start":{"line":121,"column":8},"end":{"line":121,"column":4414}},"18":{"start":{"line":122,"column":12},"end":{"line":122,"column":4491}},"19":{"start":{"line":125,"column":12},"end":{"line":125,"column":38}},"20":{"start":{"line":130,"column":8},"end":{"line":130,"column":38}},"21":{"start":{"line":131,"column":8},"end":{"line":131,"column":81}},"22":{"start":{"line":132,"column":8},"end":{"line":132,"column":35}},"23":{"start":{"line":134,"column":8},"end":{"line":134,"column":25}},"24":{"start":{"line":145,"column":8},"end":{"line":145,"column":5379}},"25":{"start":{"line":148,"column":8},"end":{"line":148,"column":55}},"26":{"start":{"line":149,"column":8},"end":{"line":149,"column":40}},"27":{"start":{"line":150,"column":8},"end":{"line":150,"column":21}},"28":{"start":{"line":157,"column":8},"end":{"line":157,"column":31}},"29":{"start":{"line":172,"column":8},"end":{"line":172,"column":6493}},"30":{"start":{"line":175,"column":8},"end":{"line":175,"column":55}},"31":{"start":{"line":176,"column":8},"end":{"line":176,"column":6659}},"32":{"start":{"line":186,"column":8},"end":{"line":186,"column":7128}},"33":{"start":{"line":189,"column":8},"end":{"line":189,"column":55}},"34":{"start":{"line":190,"column":8},"end":{"line":190,"column":62}},"35":{"start":{"line":200,"column":8},"end":{"line":200,"column":7631}},"36":{"start":{"line":203,"column":8},"end":{"line":203,"column":55}},"37":{"start":{"line":204,"column":8},"end":{"line":204,"column":60}},"38":{"start":{"line":210,"column":8},"end":{"line":210,"column":23}},"39":{"start":{"line":216,"column":8},"end":{"line":216,"column":25}},"40":{"start":{"line":222,"column":8},"end":{"line":222,"column":22}}},"branchMap":{"1":{"line":49,"type":"if","locations":[{"start":{"line":49,"column":8},"end":{"line":49,"column":8}},{"start":{"line":49,"column":8},"end":{"line":49,"column":8}}]},"2":{"line":58,"type":"if","locations":[{"start":{"line":58,"column":8},"end":{"line":58,"column":8}},{"start":{"line":58,"column":8},"end":{"line":58,"column":8}}]},"3":{"line":62,"type":"if","locations":[{"start":{"line":62,"column":8},"end":{"line":62,"column":8}},{"start":{"line":62,"column":8},"end":{"line":62,"column":8}}]},"4":{"line":109,"type":"if","locations":[{"start":{"line":109,"column":8},"end":{"line":109,"column":8}},{"start":{"line":109,"column":8},"end":{"line":109,"column":8}}]},"5":{"line":114,"type":"if","locations":[{"start":{"line":114,"column":8},"end":{"line":114,"column":8}},{"start":{"line":114,"column":8},"end":{"line":114,"column":8}}]},"6":{"line":122,"type":"if","locations":[{"start":{"line":122,"column":12},"end":{"line":122,"column":12}},{"start":{"line":122,"column":12},"end":{"line":122,"column":12}}]},"7":{"line":145,"type":"if","locations":[{"start":{"line":145,"column":8},"end":{"line":145,"column":8}},{"start":{"line":145,"column":8},"end":{"line":145,"column":8}}]},"8":{"line":172,"type":"if","locations":[{"start":{"line":172,"column":8},"end":{"line":172,"column":8}},{"start":{"line":172,"column":8},"end":{"line":172,"column":8}}]},"9":{"line":186,"type":"if","locations":[{"start":{"line":186,"column":8},"end":{"line":186,"column":8}},{"start":{"line":186,"column":8},"end":{"line":186,"column":8}}]},"10":{"line":200,"type":"if","locations":[{"start":{"line":200,"column":8},"end":{"line":200,"column":8}},{"start":{"line":200,"column":8},"end":{"line":200,"column":8}}]}}},
"contracts/registries/ComponentRegistry.sol":{"l":{"40":411,"45":63,"46":2,"48":61,"54":61,"55":2,"58":59,"59":2,"61":57,"67":25,"80":43,"81":43,"82":43,"83":43,"84":43,"85":43,"86":43,"105":51,"106":3,"110":48,"111":1,"115":47,"116":47,"117":16,"118":4,"120":12,"124":43,"125":43,"126":43,"127":43,"129":43,"141":6,"142":2,"144":4,"145":4,"146":4,"153":37,"168":2,"169":1,"171":1,"172":1,"182":2,"183":1,"185":1,"186":1,"196":3,"197":1,"199":2,"200":2,"206":2,"212":2,"218":1},"path":"/Users/kupermind/dev/onchain-protocol/contracts/registries/ComponentRegistry.sol","s":{"1":411,"2":63,"3":61,"4":59,"5":25,"6":43,"7":43,"8":43,"9":43,"10":43,"11":43,"12":43,"13":51,"14":48,"15":47,"16":47,"17":16,"18":12,"19":43,"20":43,"21":43,"22":43,"23":6,"24":4,"25":4,"26":4,"27":37,"28":2,"29":1,"30":1,"31":2,"32":1,"33":1,"34":3,"35":2,"36":2,"37":2,"38":2,"39":1},"b":{"1":[2,61],"2":[2,59],"3":[2,57],"4":[3,48],"5":[1,47],"6":[4,12],"7":[2,4],"8":[1,1],"9":[1,1],"10":[1,2]},"f":{"1":411,"2":63,"3":61,"4":25,"5":43,"6":51,"7":6,"8":37,"9":2,"10":2,"11":3,"12":2,"13":2,"14":1},"fnMap":{"1":{"name":"constructor","line":39,"loc":{"start":{"line":39,"column":4},"end":{"line":41,"column":4}}},"2":{"name":"onlyManager","line":44,"loc":{"start":{"line":44,"column":4},"end":{"line":49,"column":4}}},"3":{"name":"checkHash","line":52,"loc":{"start":{"line":52,"column":4},"end":{"line":62,"column":4}}},"4":{"name":"changeManager","line":66,"loc":{"start":{"line":66,"column":4},"end":{"line":68,"column":4}}},"5":{"name":"_setComponentInfo","line":76,"loc":{"start":{"line":76,"column":4},"end":{"line":87,"column":4}}},"6":{"name":"create","line":101,"loc":{"start":{"line":96,"column":4},"end":{"line":130,"column":4}}},"7":{"name":"updateHash","line":138,"loc":{"start":{"line":137,"column":4},"end":{"line":147,"column":4}}},"8":{"name":"exists","line":152,"loc":{"start":{"line":152,"column":4},"end":{"line":154,"column":4}}},"9":{"name":"getInfo","line":164,"loc":{"start":{"line":164,"column":4},"end":{"line":174,"column":4}}},"10":{"name":"getDependencies","line":179,"loc":{"start":{"line":179,"column":4},"end":{"line":187,"column":4}}},"11":{"name":"getHashes","line":193,"loc":{"start":{"line":193,"column":4},"end":{"line":201,"column":4}}},"12":{"name":"_baseURI","line":205,"loc":{"start":{"line":205,"column":4},"end":{"line":207,"column":4}}},"13":{"name":"getBaseURI","line":211,"loc":{"start":{"line":211,"column":4},"end":{"line":213,"column":4}}},"14":{"name":"setBaseURI","line":217,"loc":{"start":{"line":217,"column":4},"end":{"line":219,"column":4}}}},"statementMap":{"1":{"start":{"line":40,"column":8},"end":{"line":40,"column":23}},"2":{"start":{"line":45,"column":8},"end":{"line":45,"column":1602}},"3":{"start":{"line":54,"column":8},"end":{"line":54,"column":1866}},"4":{"start":{"line":58,"column":8},"end":{"line":58,"column":2080}},"5":{"start":{"line":67,"column":8},"end":{"line":67,"column":28}},"6":{"start":{"line":80,"column":8},"end":{"line":80,"column":67}},"7":{"start":{"line":81,"column":8},"end":{"line":81,"column":38}},"8":{"start":{"line":82,"column":8},"end":{"line":82,"column":52}},"9":{"start":{"line":83,"column":8},"end":{"line":83,"column":42}},"10":{"start":{"line":84,"column":8},"end":{"line":84,"column":44}},"11":{"start":{"line":85,"column":8},"end":{"line":85,"column":30}},"12":{"start":{"line":86,"column":8},"end":{"line":86,"column":52}},"13":{"start":{"line":105,"column":8},"end":{"line":105,"column":3970}},"14":{"start":{"line":110,"column":8},"end":{"line":110,"column":4145}},"15":{"start":{"line":115,"column":8},"end":{"line":115,"column":26}},"16":{"start":{"line":116,"column":8},"end":{"line":116,"column":4359}},"17":{"start":{"line":117,"column":12},"end":{"line":117,"column":4436}},"18":{"start":{"line":120,"column":12},"end":{"line":120,"column":38}},"19":{"start":{"line":125,"column":8},"end":{"line":125,"column":38}},"20":{"start":{"line":126,"column":8},"end":{"line":126,"column":89}},"21":{"start":{"line":127,"column":8},"end":{"line":127,"column":35}},"22":{"start":{"line":129,"column":8},"end":{"line":129,"column":25}},"23":{"start":{"line":141,"column":8},"end":{"line":141,"column":5338}},"24":{"start":{"line":144,"column":8},"end":{"line":144,"column":67}},"25":{"start":{"line":145,"column":8},"end":{"line":145,"column":52}},"26":{"start":{"line":146,"column":8},"end":{"line":146,"column":21}},"27":{"start":{"line":153,"column":8},"end":{"line":153,"column":31}},"28":{"start":{"line":168,"column":8},"end":{"line":168,"column":6515}},"29":{"start":{"line":171,"column":8},"end":{"line":171,"column":67}},"30":{"start":{"line":172,"column":8},"end":{"line":172,"column":6732}},"31":{"start":{"line":182,"column":8},"end":{"line":182,"column":7182}},"32":{"start":{"line":185,"column":8},"end":{"line":185,"column":67}},"33":{"start":{"line":186,"column":8},"end":{"line":186,"column":70}},"34":{"start":{"line":196,"column":8},"end":{"line":196,"column":7725}},"35":{"start":{"line":199,"column":8},"end":{"line":199,"column":67}},"36":{"start":{"line":200,"column":8},"end":{"line":200,"column":76}},"37":{"start":{"line":206,"column":8},"end":{"line":206,"column":23}},"38":{"start":{"line":212,"column":8},"end":{"line":212,"column":25}},"39":{"start":{"line":218,"column":8},"end":{"line":218,"column":22}}},"branchMap":{"1":{"line":45,"type":"if","locations":[{"start":{"line":45,"column":8},"end":{"line":45,"column":8}},{"start":{"line":45,"column":8},"end":{"line":45,"column":8}}]},"2":{"line":54,"type":"if","locations":[{"start":{"line":54,"column":8},"end":{"line":54,"column":8}},{"start":{"line":54,"column":8},"end":{"line":54,"column":8}}]},"3":{"line":58,"type":"if","locations":[{"start":{"line":58,"column":8},"end":{"line":58,"column":8}},{"start":{"line":58,"column":8},"end":{"line":58,"column":8}}]},"4":{"line":105,"type":"if","locations":[{"start":{"line":105,"column":8},"end":{"line":105,"column":8}},{"start":{"line":105,"column":8},"end":{"line":105,"column":8}}]},"5":{"line":110,"type":"if","locations":[{"start":{"line":110,"column":8},"end":{"line":110,"column":8}},{"start":{"line":110,"column":8},"end":{"line":110,"column":8}}]},"6":{"line":117,"type":"if","locations":[{"start":{"line":117,"column":12},"end":{"line":117,"column":12}},{"start":{"line":117,"column":12},"end":{"line":117,"column":12}}]},"7":{"line":141,"type":"if","locations":[{"start":{"line":141,"column":8},"end":{"line":141,"column":8}},{"start":{"line":141,"column":8},"end":{"line":141,"column":8}}]},"8":{"line":168,"type":"if","locations":[{"start":{"line":168,"column":8},"end":{"line":168,"column":8}},{"start":{"line":168,"column":8},"end":{"line":168,"column":8}}]},"9":{"line":182,"type":"if","locations":[{"start":{"line":182,"column":8},"end":{"line":182,"column":8}},{"start":{"line":182,"column":8},"end":{"line":182,"column":8}}]},"10":{"line":196,"type":"if","locations":[{"start":{"line":196,"column":8},"end":{"line":196,"column":8}},{"start":{"line":196,"column":8},"end":{"line":196,"column":8}}]}}},
"contracts/registries/RegistriesManager.sol":{"l":{"16":18,"17":18,"35":5,"42":1,"60":8,"67":1,"72":2,"77":2},"path":"/Users/kupermind/dev/onchain-protocol/contracts/registries/RegistriesManager.sol","s":{"1":18,"2":18,"3":5,"4":1,"5":8,"6":1,"7":2,"8":2},"b":{},"f":{"1":18,"2":5,"3":1,"4":8,"5":1,"6":2,"7":2},"fnMap":{"1":{"name":"constructor","line":15,"loc":{"start":{"line":15,"column":4},"end":{"line":18,"column":4}}},"2":{"name":"mintAgent","line":33,"loc":{"start":{"line":27,"column":4},"end":{"line":36,"column":4}}},"3":{"name":"updateAgentHash","line":41,"loc":{"start":{"line":41,"column":4},"end":{"line":43,"column":4}}},"4":{"name":"mintComponent","line":58,"loc":{"start":{"line":52,"column":4},"end":{"line":61,"column":4}}},"5":{"name":"updateComponentHash","line":66,"loc":{"start":{"line":66,"column":4},"end":{"line":68,"column":4}}},"6":{"name":"pause","line":71,"loc":{"start":{"line":71,"column":4},"end":{"line":73,"column":4}}},"7":{"name":"unpause","line":76,"loc":{"start":{"line":76,"column":4},"end":{"line":78,"column":4}}}},"statementMap":{"1":{"start":{"line":16,"column":8},"end":{"line":16,"column":45}},"2":{"start":{"line":17,"column":8},"end":{"line":17,"column":37}},"3":{"start":{"line":35,"column":8},"end":{"line":35,"column":102}},"4":{"start":{"line":42,"column":8},"end":{"line":42,"column":82}},"5":{"start":{"line":60,"column":8},"end":{"line":60,"column":110}},"6":{"start":{"line":67,"column":8},"end":{"line":67,"column":90}},"7":{"start":{"line":72,"column":8},"end":{"line":72,"column":15}},"8":{"start":{"line":77,"column":8},"end":{"line":77,"column":17}}},"branchMap":{}},
"contracts/registries/ServiceManager.sol":{"l":{"24":42,"25":42,"30":1,"35":1,"41":0,"42":0,"63":18,"85":4,"93":9,"106":15,"120":3,"121":2,"129":5,"137":4,"144":3,"151":4,"152":4,"153":4,"154":4,"155":4,"156":2,"161":2,"166":2},"path":"/Users/kupermind/dev/onchain-protocol/contracts/registries/ServiceManager.sol","s":{"1":42,"2":42,"3":0,"4":0,"5":18,"6":4,"7":9,"8":15,"9":3,"10":2,"11":5,"12":4,"13":3,"14":4,"15":4,"16":4,"17":4,"18":4,"19":2,"20":2,"21":2},"b":{},"f":{"1":42,"2":1,"3":0,"4":18,"5":4,"6":9,"7":15,"8":3,"9":5,"10":4,"11":3,"12":4,"13":2,"14":2},"fnMap":{"1":{"name":"constructor","line":23,"loc":{"start":{"line":23,"column":4},"end":{"line":26,"column":4}}},"2":{"name":null,"line":29,"loc":{"start":{"line":29,"column":4},"end":{"line":31,"column":4}}},"3":{"name":"changeTreasury","line":40,"loc":{"start":{"line":40,"column":4},"end":{"line":43,"column":4}}},"4":{"name":"serviceCreate","line":61,"loc":{"start":{"line":53,"column":4},"end":{"line":65,"column":4}}},"5":{"name":"serviceUpdate","line":75,"loc":{"start":{"line":75,"column":4},"end":{"line":87,"column":4}}},"6":{"name":"serviceActivateRegistration","line":92,"loc":{"start":{"line":92,"column":4},"end":{"line":94,"column":4}}},"7":{"name":"serviceRegisterAgents","line":101,"loc":{"start":{"line":101,"column":4},"end":{"line":107,"column":4}}},"8":{"name":"serviceDeploy","line":114,"loc":{"start":{"line":114,"column":4},"end":{"line":122,"column":4}}},"9":{"name":"serviceTerminate","line":128,"loc":{"start":{"line":128,"column":4},"end":{"line":130,"column":4}}},"10":{"name":"serviceUnbond","line":136,"loc":{"start":{"line":136,"column":4},"end":{"line":138,"column":4}}},"11":{"name":"serviceDestroy","line":143,"loc":{"start":{"line":143,"column":4},"end":{"line":145,"column":4}}},"12":{"name":"serviceReward","line":149,"loc":{"start":{"line":149,"column":4},"end":{"line":157,"column":4}}},"13":{"name":"pause","line":160,"loc":{"start":{"line":160,"column":4},"end":{"line":162,"column":4}}},"14":{"name":"unpause","line":165,"loc":{"start":{"line":165,"column":4},"end":{"line":167,"column":4}}}},"statementMap":{"1":{"start":{"line":24,"column":8},"end":{"line":24,"column":41}},"2":{"start":{"line":25,"column":8},"end":{"line":25,"column":27}},"3":{"start":{"line":41,"column":8},"end":{"line":41,"column":27}},"4":{"start":{"line":42,"column":8},"end":{"line":42,"column":39}},"5":{"start":{"line":63,"column":8},"end":{"line":63,"column":2230}},"6":{"start":{"line":85,"column":8},"end":{"line":85,"column":3154}},"7":{"start":{"line":93,"column":8},"end":{"line":93,"column":104}},"8":{"start":{"line":106,"column":8},"end":{"line":106,"column":124}},"9":{"start":{"line":120,"column":8},"end":{"line":120,"column":103}},"10":{"start":{"line":121,"column":8},"end":{"line":121,"column":37}},"11":{"start":{"line":129,"column":8},"end":{"line":129,"column":85}},"12":{"start":{"line":137,"column":8},"end":{"line":137,"column":82}},"13":{"start":{"line":144,"column":8},"end":{"line":144,"column":73}},"14":{"start":{"line":151,"column":8},"end":{"line":151,"column":54}},"15":{"start":{"line":152,"column":8},"end":{"line":152,"column":32}},"16":{"start":{"line":153,"column":8},"end":{"line":153,"column":51}},"17":{"start":{"line":154,"column":8},"end":{"line":154,"column":29}},"18":{"start":{"line":155,"column":8},"end":{"line":155,"column":88}},"19":{"start":{"line":156,"column":8},"end":{"line":156,"column":48}},"20":{"start":{"line":161,"column":8},"end":{"line":161,"column":15}},"21":{"start":{"line":166,"column":8},"end":{"line":166,"column":17}}},"branchMap":{}},
"contracts/registries/ServiceRegistry.sol":{"l":{"103":294,"108":282,"109":5,"111":277,"116":117,"117":4,"119":113,"124":23,"125":2,"127":21,"132":1,"137":1,"143":73,"144":73,"162":94,"163":2,"167":92,"168":2,"172":90,"173":3,"177":87,"178":87,"179":155,"180":3,"182":152,"205":83,"206":83,"207":83,"208":83,"210":83,"213":83,"214":145,"215":145,"216":145,"218":145,"219":83,"222":83,"225":83,"226":83,"227":54,"229":29,"231":83,"232":2,"256":89,"257":1,"261":88,"264":78,"265":135,"266":1,"271":77,"272":77,"275":77,"277":77,"280":77,"283":75,"285":75,"287":75,"311":8,"312":8,"313":2,"317":6,"320":6,"321":6,"322":6,"323":6,"324":15,"325":3,"327":12,"328":12,"329":12,"333":6,"335":6,"336":1,"340":6,"342":6,"343":6,"358":57,"360":57,"361":1,"364":56,"365":2,"369":54,"371":54,"372":54,"389":59,"390":0,"393":59,"395":59,"396":7,"400":52,"401":52,"402":52,"404":78,"405":78,"406":1,"408":77,"410":51,"411":1,"414":50,"415":76,"416":76,"421":76,"422":2,"426":74,"427":1,"431":73,"432":2,"436":71,"437":71,"438":71,"439":71,"441":71,"445":45,"446":29,"450":45,"452":45,"453":45,"470":29,"471":1,"474":28,"475":28,"476":2,"480":26,"483":26,"485":26,"488":26,"490":26,"491":26,"493":26,"505":7,"506":1,"509":6,"511":6,"512":2,"516":4,"517":4,"519":4,"522":4,"523":4,"525":1,"526":1,"528":3,"529":3,"531":4,"533":4,"536":4,"551":13,"553":13,"555":2,"558":11,"559":6,"561":5,"565":11,"567":11,"568":11,"570":0,"573":11,"574":11,"575":11,"586":10,"588":10,"589":3,"593":7,"594":7,"595":7,"596":1,"600":6,"601":6,"602":6,"606":6,"607":6,"608":8,"610":8,"614":6,"616":6,"617":3,"621":6,"623":5,"625":5,"626":5,"628":0,"632":6,"633":6,"634":6,"644":6,"645":6,"646":1,"649":5,"651":5,"652":5,"661":29,"662":29,"663":29,"664":46,"665":46,"666":48,"667":48,"675":26,"677":26,"679":26,"680":26,"682":26,"684":26,"687":26,"688":26,"689":41,"690":41,"694":26,"696":26,"698":26,"700":26,"702":26,"704":36,"706":36,"707":36,"709":36,"711":73,"712":60,"714":51,"715":30,"716":30,"718":51,"719":51,"723":36,"726":36,"727":30,"728":30,"730":6,"734":26,"735":26,"736":30,"738":26,"746":41,"767":3,"768":3,"769":3,"770":3,"771":3,"772":5,"774":3,"775":3,"776":3,"777":3,"778":3,"779":3,"780":3,"781":3,"782":3,"793":2,"794":2,"795":2,"796":2,"797":2,"808":2,"809":2,"819":43,"820":43,"830":25,"831":25,"838":14,"848":7,"856":22,"857":2,"859":20,"860":20},"path":"/Users/kupermind/dev/onchain-protocol/contracts/registries/ServiceRegistry.sol","s":{"1":294,"2":282,"3":117,"4":23,"5":73,"6":73,"7":94,"8":92,"9":90,"10":87,"11":87,"12":155,"13":152,"14":83,"15":83,"16":83,"17":83,"18":83,"19":83,"20":145,"21":145,"22":145,"23":145,"24":83,"25":83,"26":83,"27":83,"28":54,"29":29,"30":83,"31":89,"32":88,"33":78,"34":135,"35":77,"36":77,"37":77,"38":77,"39":75,"40":75,"41":75,"42":8,"43":8,"44":6,"45":6,"46":6,"47":6,"48":6,"49":15,"50":12,"51":12,"52":6,"53":1,"54":6,"55":6,"56":6,"57":57,"58":57,"59":56,"60":54,"61":54,"62":54,"63":59,"64":59,"65":59,"66":52,"67":52,"68":52,"69":78,"70":78,"71":77,"72":51,"73":50,"74":76,"75":76,"76":76,"77":74,"78":73,"79":71,"80":71,"81":71,"82":71,"83":45,"84":29,"85":45,"86":45,"87":45,"88":29,"89":28,"90":28,"91":26,"92":26,"93":26,"94":26,"95":26,"96":26,"97":26,"98":7,"99":6,"100":6,"101":4,"102":4,"103":4,"104":4,"105":4,"106":1,"107":1,"108":3,"109":3,"110":4,"111":4,"112":4,"113":13,"114":13,"115":11,"116":6,"117":5,"118":11,"119":11,"120":11,"121":11,"122":11,"123":11,"124":10,"125":10,"126":7,"127":7,"128":7,"129":6,"130":6,"131":6,"132":6,"133":6,"134":8,"135":6,"136":6,"137":3,"138":6,"139":5,"140":5,"141":5,"142":6,"143":6,"144":6,"145":6,"146":6,"147":5,"148":5,"149":5,"150":29,"151":29,"152":29,"153":46,"154":46,"155":48,"156":26,"157":26,"158":26,"159":26,"160":26,"161":26,"162":26,"163":26,"164":41,"165":41,"166":26,"167":26,"168":26,"169":26,"170":26,"171":36,"172":36,"173":36,"174":36,"175":73,"176":60,"177":51,"178":30,"179":30,"180":36,"181":36,"182":30,"183":26,"184":26,"185":30,"186":26,"187":41,"188":3,"189":3,"190":3,"191":3,"192":3,"193":5,"194":3,"195":3,"196":3,"197":3,"198":3,"199":3,"200":3,"201":3,"202":3,"203":2,"204":2,"205":2,"206":2,"207":2,"208":2,"209":2,"210":43,"211":43,"212":25,"213":25,"214":14,"215":7,"216":22,"217":20,"218":20},"b":{"1":[5,277],"2":[4,113],"3":[2,21],"4":[2,92],"5":[2,90],"6":[3,87],"7":[3,152],"8":[83,62],"9":[54,29],"10":[2,81],"11":[1,88],"12":[1,134],"13":[2,6],"14":[3,12],"15":[1,5],"16":[1,56],"17":[2,54],"18":[0,59],"19":[7,52],"20":[1,77],"21":[1,50],"22":[2,74],"23":[1,73],"24":[2,71],"25":[29,16],"26":[1,28],"27":[2,26],"28":[1,6],"29":[2,4],"30":[1,3],"31":[2,11],"32":[6,5],"33":[0,11],"34":[3,7],"35":[1,6],"36":[6,0],"37":[3,3],"38":[5,1],"39":[0,5],"40":[1,5],"41":[51,9],"42":[30,21],"43":[30,6],"44":[2,20]},"f":{"1":294,"2":282,"3":117,"4":23,"5":1,"6":73,"7":94,"8":83,"9":89,"10":8,"11":57,"12":59,"13":29,"14":7,"15":13,"16":10,"17":6,"18":29,"19":26,"20":41,"21":3,"22":2,"23":2,"24":43,"25":25,"26":14,"27":7,"28":22},"fnMap":{"1":{"name":"constructor","line":101,"loc":{"start":{"line":101,"column":4},"end":{"line":104,"column":4}}},"2":{"name":"onlyManager","line":107,"loc":{"start":{"line":107,"column":4},"end":{"line":112,"column":4}}},"3":{"name":"onlyServiceOwner","line":115,"loc":{"start":{"line":115,"column":4},"end":{"line":120,"column":4}}},"4":{"name":"serviceExists","line":123,"loc":{"start":{"line":123,"column":4},"end":{"line":128,"column":4}}},"5":{"name":null,"line":131,"loc":{"start":{"line":131,"column":4},"end":{"line":133,"column":4}}},"6":{"name":"changeManager","line":142,"loc":{"start":{"line":142,"column":4},"end":{"line":145,"column":4}}},"7":{"name":"_initialChecks","line":153,"loc":{"start":{"line":153,"column":4},"end":{"line":184,"column":4}}},"8":{"name":"_setServiceData","line":194,"loc":{"start":{"line":194,"column":4},"end":{"line":234,"column":4}}},"9":{"name":"createService","line":253,"loc":{"start":{"line":245,"column":4},"end":{"line":288,"column":4}}},"10":{"name":"update","line":309,"loc":{"start":{"line":300,"column":4},"end":{"line":344,"column":4}}},"11":{"name":"activateRegistration","line":354,"loc":{"start":{"line":350,"column":4},"end":{"line":373,"column":4}}},"12":{"name":"registerAgents","line":386,"loc":{"start":{"line":381,"column":4},"end":{"line":454,"column":4}}},"13":{"name":"deploy","line":467,"loc":{"start":{"line":462,"column":4},"end":{"line":494,"column":4}}},"14":{"name":"slash","line":502,"loc":{"start":{"line":501,"column":4},"end":{"line":537,"column":4}}},"15":{"name":"terminate","line":548,"loc":{"start":{"line":544,"column":4},"end":{"line":576,"column":4}}},"16":{"name":"unbond","line":583,"loc":{"start":{"line":583,"column":4},"end":{"line":635,"column":4}}},"17":{"name":"destroy","line":641,"loc":{"start":{"line":641,"column":4},"end":{"line":653,"column":4}}},"18":{"name":"_getAgentInstances","line":658,"loc":{"start":{"line":658,"column":4},"end":{"line":670,"column":4}}},"19":{"name":"_updateServiceComponentAgentConnection","line":674,"loc":{"start":{"line":674,"column":4},"end":{"line":739,"column":4}}},"20":{"name":"exists","line":745,"loc":{"start":{"line":745,"column":4},"end":{"line":747,"column":4}}},"21":{"name":"getServiceInfo","line":762,"loc":{"start":{"line":762,"column":4},"end":{"line":783,"column":4}}},"22":{"name":"getInstancesForAgentId","line":790,"loc":{"start":{"line":790,"column":4},"end":{"line":799,"column":4}}},"23":{"name":"getConfigHashes","line":805,"loc":{"start":{"line":805,"column":4},"end":{"line":810,"column":4}}},"24":{"name":"getAgentIdsOfServiceId","line":816,"loc":{"start":{"line":816,"column":4},"end":{"line":821,"column":4}}},"25":{"name":"getComponentIdsOfServiceId","line":827,"loc":{"start":{"line":827,"column":4},"end":{"line":832,"column":4}}},"26":{"name":"getServiceState","line":837,"loc":{"start":{"line":837,"column":4},"end":{"line":839,"column":4}}},"27":{"name":"getOperatorBalance","line":845,"loc":{"start":{"line":845,"column":4},"end":{"line":849,"column":4}}},"28":{"name":"changeMultisigPermission","line":855,"loc":{"start":{"line":855,"column":4},"end":{"line":861,"column":4}}}},"statementMap":{"1":{"start":{"line":103,"column":8},"end":{"line":103,"column":37}},"2":{"start":{"line":108,"column":8},"end":{"line":108,"column":4686}},"3":{"start":{"line":116,"column":8},"end":{"line":116,"column":4940}},"4":{"start":{"line":124,"column":8},"end":{"line":124,"column":5191}},"5":{"start":{"line":143,"column":8},"end":{"line":143,"column":28}},"6":{"start":{"line":144,"column":8},"end":{"line":144,"column":52}},"7":{"start":{"line":162,"column":8},"end":{"line":162,"column":6428}},"8":{"start":{"line":167,"column":8},"end":{"line":167,"column":6582}},"9":{"start":{"line":172,"column":8},"end":{"line":172,"column":6829}},"10":{"start":{"line":177,"column":8},"end":{"line":177,"column":26}},"11":{"start":{"line":178,"column":8},"end":{"line":178,"column":7092}},"12":{"start":{"line":179,"column":12},"end":{"line":179,"column":7156}},"13":{"start":{"line":182,"column":12},"end":{"line":182,"column":31}},"14":{"start":{"line":205,"column":8},"end":{"line":205,"column":26}},"15":{"start":{"line":206,"column":8},"end":{"line":206,"column":40}},"16":{"start":{"line":207,"column":8},"end":{"line":207,"column":36}},"17":{"start":{"line":208,"column":8},"end":{"line":208,"column":39}},"18":{"start":{"line":210,"column":8},"end":{"line":210,"column":31}},"19":{"start":{"line":213,"column":8},"end":{"line":213,"column":8443}},"20":{"start":{"line":214,"column":12},"end":{"line":214,"column":45}},"21":{"start":{"line":215,"column":12},"end":{"line":215,"column":63}},"22":{"start":{"line":216,"column":12},"end":{"line":216,"column":63}},"23":{"start":{"line":218,"column":12},"end":{"line":218,"column":8764}},"24":{"start":{"line":219,"column":16},"end":{"line":219,"column":52}},"25":{"start":{"line":222,"column":8},"end":{"line":222,"column":48}},"26":{"start":{"line":225,"column":8},"end":{"line":225,"column":69}},"27":{"start":{"line":226,"column":8},"end":{"line":226,"column":9130}},"28":{"start":{"line":227,"column":12},"end":{"line":227,"column":46}},"29":{"start":{"line":229,"column":12},"end":{"line":229,"column":50}},"30":{"start":{"line":231,"column":8},"end":{"line":231,"column":9298}},"31":{"start":{"line":256,"column":8},"end":{"line":256,"column":10476}},"32":{"start":{"line":261,"column":8},"end":{"line":261,"column":75}},"33":{"start":{"line":264,"column":8},"end":{"line":264,"column":10789}},"34":{"start":{"line":265,"column":12},"end":{"line":265,"column":10853}},"35":{"start":{"line":272,"column":8},"end":{"line":272,"column":30}},"36":{"start":{"line":275,"column":8},"end":{"line":275,"column":57}},"37":{"start":{"line":277,"column":8},"end":{"line":277,"column":44}},"38":{"start":{"line":280,"column":8},"end":{"line":280,"column":101}},"39":{"start":{"line":283,"column":8},"end":{"line":283,"column":34}},"40":{"start":{"line":285,"column":8},"end":{"line":285,"column":51}},"41":{"start":{"line":287,"column":8},"end":{"line":287,"column":61}},"42":{"start":{"line":311,"column":8},"end":{"line":311,"column":57}},"43":{"start":{"line":312,"column":8},"end":{"line":312,"column":12782}},"44":{"start":{"line":317,"column":8},"end":{"line":317,"column":75}},"45":{"start":{"line":320,"column":8},"end":{"line":320,"column":69}},"46":{"start":{"line":321,"column":8},"end":{"line":321,"column":80}},"47":{"start":{"line":322,"column":8},"end":{"line":322,"column":20}},"48":{"start":{"line":323,"column":8},"end":{"line":323,"column":13333}},"49":{"start":{"line":324,"column":12},"end":{"line":324,"column":13397}},"50":{"start":{"line":327,"column":16},"end":{"line":327,"column":46}},"51":{"start":{"line":328,"column":16},"end":{"line":328,"column":52}},"52":{"start":{"line":335,"column":8},"end":{"line":335,"column":13857}},"53":{"start":{"line":336,"column":12},"end":{"line":336,"column":48}},"54":{"start":{"line":340,"column":8},"end":{"line":340,"column":96}},"55":{"start":{"line":342,"column":8},"end":{"line":342,"column":61}},"56":{"start":{"line":343,"column":8},"end":{"line":343,"column":21}},"57":{"start":{"line":358,"column":8},"end":{"line":358,"column":57}},"58":{"start":{"line":360,"column":8},"end":{"line":360,"column":14772}},"59":{"start":{"line":364,"column":8},"end":{"line":364,"column":14897}},"60":{"start":{"line":369,"column":8},"end":{"line":369,"column":54}},"61":{"start":{"line":371,"column":8},"end":{"line":371,"column":51}},"62":{"start":{"line":372,"column":8},"end":{"line":372,"column":21}},"63":{"start":{"line":389,"column":8},"end":{"line":389,"column":15948}},"64":{"start":{"line":393,"column":8},"end":{"line":393,"column":57}},"65":{"start":{"line":395,"column":8},"end":{"line":395,"column":16210}},"66":{"start":{"line":400,"column":8},"end":{"line":400,"column":49}},"67":{"start":{"line":401,"column":8},"end":{"line":401,"column":29}},"68":{"start":{"line":402,"column":8},"end":{"line":402,"column":16507}},"69":{"start":{"line":404,"column":12},"end":{"line":404,"column":41}},"70":{"start":{"line":405,"column":12},"end":{"line":405,"column":16673}},"71":{"start":{"line":408,"column":12},"end":{"line":408,"column":60}},"72":{"start":{"line":410,"column":8},"end":{"line":410,"column":16876}},"73":{"start":{"line":414,"column":8},"end":{"line":414,"column":17005}},"74":{"start":{"line":415,"column":12},"end":{"line":415,"column":53}},"75":{"start":{"line":416,"column":12},"end":{"line":416,"column":41}},"76":{"start":{"line":421,"column":12},"end":{"line":421,"column":17392}},"77":{"start":{"line":426,"column":12},"end":{"line":426,"column":17638}},"78":{"start":{"line":431,"column":12},"end":{"line":431,"column":17914}},"79":{"start":{"line":436,"column":12},"end":{"line":436,"column":65}},"80":{"start":{"line":437,"column":12},"end":{"line":437,"column":99}},"81":{"start":{"line":439,"column":12},"end":{"line":439,"column":63}},"82":{"start":{"line":441,"column":12},"end":{"line":441,"column":78}},"83":{"start":{"line":445,"column":8},"end":{"line":445,"column":18636}},"84":{"start":{"line":446,"column":12},"end":{"line":446,"column":60}},"85":{"start":{"line":450,"column":8},"end":{"line":450,"column":58}},"86":{"start":{"line":452,"column":8},"end":{"line":452,"column":41}},"87":{"start":{"line":453,"column":8},"end":{"line":453,"column":21}},"88":{"start":{"line":470,"column":8},"end":{"line":470,"column":19679}},"89":{"start":{"line":474,"column":8},"end":{"line":474,"column":57}},"90":{"start":{"line":475,"column":8},"end":{"line":475,"column":19867}},"91":{"start":{"line":480,"column":8},"end":{"line":480,"column":69}},"92":{"start":{"line":483,"column":8},"end":{"line":483,"column":99}},"93":{"start":{"line":485,"column":8},"end":{"line":485,"column":93}},"94":{"start":{"line":488,"column":8},"end":{"line":488,"column":56}},"95":{"start":{"line":490,"column":8},"end":{"line":490,"column":34}},"96":{"start":{"line":491,"column":8},"end":{"line":491,"column":44}},"97":{"start":{"line":493,"column":8},"end":{"line":493,"column":44}},"98":{"start":{"line":505,"column":8},"end":{"line":505,"column":21116}},"99":{"start":{"line":509,"column":8},"end":{"line":509,"column":57}},"100":{"start":{"line":511,"column":8},"end":{"line":511,"column":21403}},"101":{"start":{"line":516,"column":8},"end":{"line":516,"column":59}},"102":{"start":{"line":517,"column":8},"end":{"line":517,"column":21646}},"103":{"start":{"line":519,"column":12},"end":{"line":519,"column":76}},"104":{"start":{"line":522,"column":12},"end":{"line":522,"column":68}},"105":{"start":{"line":523,"column":12},"end":{"line":523,"column":22010}},"106":{"start":{"line":525,"column":16},"end":{"line":525,"column":38}},"107":{"start":{"line":526,"column":16},"end":{"line":526,"column":26}},"108":{"start":{"line":528,"column":16},"end":{"line":528,"column":41}},"109":{"start":{"line":529,"column":16},"end":{"line":529,"column":36}},"110":{"start":{"line":531,"column":12},"end":{"line":531,"column":59}},"111":{"start":{"line":533,"column":12},"end":{"line":533,"column":65}},"112":{"start":{"line":536,"column":8},"end":{"line":536,"column":21}},"113":{"start":{"line":551,"column":8},"end":{"line":551,"column":57}},"114":{"start":{"line":553,"column":8},"end":{"line":553,"column":23053}},"115":{"start":{"line":558,"column":8},"end":{"line":558,"column":23404}},"116":{"start":{"line":559,"column":12},"end":{"line":559,"column":56}},"117":{"start":{"line":561,"column":12},"end":{"line":561,"column":58}},"118":{"start":{"line":565,"column":8},"end":{"line":565,"column":39}},"119":{"start":{"line":567,"column":8},"end":{"line":567,"column":55}},"120":{"start":{"line":568,"column":8},"end":{"line":568,"column":23849}},"121":{"start":{"line":573,"column":8},"end":{"line":573,"column":34}},"122":{"start":{"line":574,"column":8},"end":{"line":574,"column":47}},"123":{"start":{"line":575,"column":8},"end":{"line":575,"column":21}},"124":{"start":{"line":586,"column":8},"end":{"line":586,"column":57}},"125":{"start":{"line":588,"column":8},"end":{"line":588,"column":24760}},"126":{"start":{"line":593,"column":8},"end":{"line":593,"column":92}},"127":{"start":{"line":594,"column":8},"end":{"line":594,"column":55}},"128":{"start":{"line":595,"column":8},"end":{"line":595,"column":25126}},"129":{"start":{"line":600,"column":8},"end":{"line":600,"column":51}},"130":{"start":{"line":601,"column":8},"end":{"line":601,"column":25346}},"131":{"start":{"line":602,"column":12},"end":{"line":602,"column":58}},"132":{"start":{"line":606,"column":8},"end":{"line":606,"column":17}},"133":{"start":{"line":607,"column":8},"end":{"line":607,"column":25554}},"134":{"start":{"line":608,"column":12},"end":{"line":608,"column":70}},"135":{"start":{"line":614,"column":8},"end":{"line":614,"column":64}},"136":{"start":{"line":616,"column":8},"end":{"line":616,"column":26089}},"137":{"start":{"line":617,"column":12},"end":{"line":617,"column":27}},"138":{"start":{"line":621,"column":8},"end":{"line":621,"column":26193}},"139":{"start":{"line":623,"column":12},"end":{"line":623,"column":53}},"140":{"start":{"line":625,"column":12},"end":{"line":625,"column":62}},"141":{"start":{"line":626,"column":12},"end":{"line":626,"column":26449}},"142":{"start":{"line":632,"column":8},"end":{"line":632,"column":37}},"143":{"start":{"line":633,"column":8},"end":{"line":633,"column":48}},"144":{"start":{"line":634,"column":8},"end":{"line":634,"column":21}},"145":{"start":{"line":644,"column":8},"end":{"line":644,"column":57}},"146":{"start":{"line":645,"column":8},"end":{"line":645,"column":27216}},"147":{"start":{"line":649,"column":8},"end":{"line":649,"column":23}},"148":{"start":{"line":651,"column":8},"end":{"line":651,"column":45}},"149":{"start":{"line":652,"column":8},"end":{"line":652,"column":21}},"150":{"start":{"line":661,"column":8},"end":{"line":661,"column":64}},"151":{"start":{"line":662,"column":8},"end":{"line":662,"column":21}},"152":{"start":{"line":663,"column":8},"end":{"line":663,"column":27891}},"153":{"start":{"line":664,"column":12},"end":{"line":664,"column":49}},"154":{"start":{"line":665,"column":12},"end":{"line":665,"column":28014}},"155":{"start":{"line":666,"column":16},"end":{"line":666,"column":76}},"156":{"start":{"line":675,"column":8},"end":{"line":675,"column":57}},"157":{"start":{"line":677,"column":8},"end":{"line":677,"column":59}},"158":{"start":{"line":679,"column":8},"end":{"line":679,"column":50}},"159":{"start":{"line":680,"column":8},"end":{"line":680,"column":41}},"160":{"start":{"line":682,"column":8},"end":{"line":682,"column":65}},"161":{"start":{"line":684,"column":8},"end":{"line":684,"column":66}},"162":{"start":{"line":687,"column":8},"end":{"line":687,"column":29}},"163":{"start":{"line":688,"column":8},"end":{"line":688,"column":29075}},"164":{"start":{"line":689,"column":12},"end":{"line":689,"column":98}},"165":{"start":{"line":690,"column":12},"end":{"line":690,"column":47}},"166":{"start":{"line":694,"column":8},"end":{"line":694,"column":72}},"167":{"start":{"line":696,"column":8},"end":{"line":696,"column":71}},"168":{"start":{"line":698,"column":8},"end":{"line":698,"column":28}},"169":{"start":{"line":700,"column":8},"end":{"line":700,"column":23}},"170":{"start":{"line":702,"column":8},"end":{"line":702,"column":29792}},"171":{"start":{"line":704,"column":12},"end":{"line":704,"column":35}},"172":{"start":{"line":706,"column":12},"end":{"line":706,"column":38}},"173":{"start":{"line":707,"column":12},"end":{"line":707,"column":55}},"174":{"start":{"line":709,"column":12},"end":{"line":709,"column":30212}},"175":{"start":{"line":711,"column":16},"end":{"line":711,"column":30394}},"176":{"start":{"line":712,"column":20},"end":{"line":712,"column":30496}},"177":{"start":{"line":714,"column":24},"end":{"line":714,"column":30690}},"178":{"start":{"line":715,"column":28},"end":{"line":715,"column":82}},"179":{"start":{"line":716,"column":28},"end":{"line":716,"column":46}},"180":{"start":{"line":723,"column":12},"end":{"line":723,"column":41}},"181":{"start":{"line":726,"column":12},"end":{"line":726,"column":31207}},"182":{"start":{"line":727,"column":16},"end":{"line":727,"column":52}},"183":{"start":{"line":734,"column":8},"end":{"line":734,"column":62}},"184":{"start":{"line":735,"column":8},"end":{"line":735,"column":31485}},"185":{"start":{"line":736,"column":12},"end":{"line":736,"column":45}},"186":{"start":{"line":738,"column":8},"end":{"line":738,"column":59}},"187":{"start":{"line":746,"column":8},"end":{"line":746,"column":33}},"188":{"start":{"line":767,"column":8},"end":{"line":767,"column":57}},"189":{"start":{"line":768,"column":8},"end":{"line":768,"column":63}},"190":{"start":{"line":769,"column":8},"end":{"line":769,"column":52}},"191":{"start":{"line":770,"column":8},"end":{"line":770,"column":51}},"192":{"start":{"line":771,"column":8},"end":{"line":771,"column":33383}},"193":{"start":{"line":772,"column":12},"end":{"line":772,"column":71}},"194":{"start":{"line":774,"column":8},"end":{"line":774,"column":33}},"195":{"start":{"line":775,"column":8},"end":{"line":775,"column":26}},"196":{"start":{"line":776,"column":8},"end":{"line":776,"column":40}},"197":{"start":{"line":777,"column":8},"end":{"line":777,"column":66}},"198":{"start":{"line":778,"column":8},"end":{"line":778,"column":58}},"199":{"start":{"line":779,"column":8},"end":{"line":779,"column":36}},"200":{"start":{"line":780,"column":8},"end":{"line":780,"column":44}},"201":{"start":{"line":781,"column":8},"end":{"line":781,"column":34}},"202":{"start":{"line":782,"column":8},"end":{"line":782,"column":34}},"203":{"start":{"line":793,"column":8},"end":{"line":793,"column":57}},"204":{"start":{"line":794,"column":8},"end":{"line":794,"column":68
[...]
e":"if","locations":[{"start":{"line":178,"column":8},"end":{"line":178,"column":8}},{"start":{"line":178,"column":8},"end":{"line":178,"column":8}}]},"6":{"line":182,"type":"if","locations":[{"start":{"line":182,"column":8},"end":{"line":182,"column":8}},{"start":{"line":182,"column":8},"end":{"line":182,"column":8}}]},"7":{"line":186,"type":"if","locations":[{"start":{"line":186,"column":8},"end":{"line":186,"column":8}},{"start":{"line":186,"column":8},"end":{"line":186,"column":8}}]},"8":{"line":248,"type":"if","locations":[{"start":{"line":248,"column":8},"end":{"line":248,"column":8}},{"start":{"line":248,"column":8},"end":{"line":248,"column":8}}]},"9":{"line":253,"type":"if","locations":[{"start":{"line":253,"column":8},"end":{"line":253,"column":8}},{"start":{"line":253,"column":8},"end":{"line":253,"column":8}}]},"10":{"line":268,"type":"if","locations":[{"start":{"line":268,"column":8},"end":{"line":268,"column":8}},{"start":{"line":268,"column":8},"end":{"line":268,"column":8}}]},"11":{"line":282,"type":"if","locations":[{"start":{"line":282,"column":8},"end":{"line":282,"column":8}},{"start":{"line":282,"column":8},"end":{"line":282,"column":8}}]},"12":{"line":298,"type":"if","locations":[{"start":{"line":298,"column":8},"end":{"line":298,"column":8}},{"start":{"line":298,"column":8},"end":{"line":298,"column":8}}]},"13":{"line":310,"type":"if","locations":[{"start":{"line":310,"column":8},"end":{"line":310,"column":8}},{"start":{"line":310,"column":8},"end":{"line":310,"column":8}}]},"14":{"line":330,"type":"if","locations":[{"start":{"line":330,"column":12},"end":{"line":330,"column":12}},{"start":{"line":330,"column":12},"end":{"line":330,"column":12}}]},"15":{"line":336,"type":"if","locations":[{"start":{"line":336,"column":12},"end":{"line":336,"column":12}},{"start":{"line":336,"column":12},"end":{"line":336,"column":12}}]},"16":{"line":340,"type":"if","locations":[{"start":{"line":340,"column":16},"end":{"line":340,"column":16}},{"start":{"line":340,"column":16},"end":{"line":340,"column":16}}]},"17":{"line":376,"type":"if","locations":[{"start":{"line":376,"column":12},"end":{"line":376,"column":12}},{"start":{"line":376,"column":12},"end":{"line":376,"column":12}}]},"18":{"line":395,"type":"if","locations":[{"start":{"line":395,"column":12},"end":{"line":395,"column":12}},{"start":{"line":395,"column":12},"end":{"line":395,"column":12}}]},"19":{"line":411,"type":"if","locations":[{"start":{"line":411,"column":12},"end":{"line":411,"column":12}},{"start":{"line":411,"column":12},"end":{"line":411,"column":12}}]},"20":{"line":420,"type":"if","locations":[{"start":{"line":420,"column":16},"end":{"line":420,"column":16}},{"start":{"line":420,"column":16},"end":{"line":420,"column":16}}]},"21":{"line":428,"type":"if","locations":[{"start":{"line":428,"column":16},"end":{"line":428,"column":16}},{"start":{"line":428,"column":16},"end":{"line":428,"column":16}}]},"22":{"line":431,"type":"if","locations":[{"start":{"line":431,"column":23},"end":{"line":431,"column":23}},{"start":{"line":431,"column":23},"end":{"line":431,"column":23}}]},"23":{"line":436,"type":"if","locations":[{"start":{"line":436,"column":16},"end":{"line":436,"column":16}},{"start":{"line":436,"column":16},"end":{"line":436,"column":16}}]},"24":{"line":465,"type":"if","locations":[{"start":{"line":465,"column":8},"end":{"line":465,"column":8}},{"start":{"line":465,"column":8},"end":{"line":465,"column":8}}]},"25":{"line":467,"type":"if","locations":[{"start":{"line":467,"column":12},"end":{"line":467,"column":12}},{"start":{"line":467,"column":12},"end":{"line":467,"column":12}}]},"26":{"line":476,"type":"if","locations":[{"start":{"line":476,"column":8},"end":{"line":476,"column":8}},{"start":{"line":476,"column":8},"end":{"line":476,"column":8}}]},"27":{"line":480,"type":"if","locations":[{"start":{"line":480,"column":8},"end":{"line":480,"column":8}},{"start":{"line":480,"column":8},"end":{"line":480,"column":8}}]},"28":{"line":482,"type":"if","locations":[{"start":{"line":482,"column":12},"end":{"line":482,"column":12}},{"start":{"line":482,"column":12},"end":{"line":482,"column":12}}]},"29":{"line":516,"type":"if","locations":[{"start":{"line":516,"column":8},"end":{"line":516,"column":8}},{"start":{"line":516,"column":8},"end":{"line":516,"column":8}}]},"30":{"line":522,"type":"if","locations":[{"start":{"line":522,"column":8},"end":{"line":522,"column":8}},{"start":{"line":522,"column":8},"end":{"line":522,"column":8}}]},"31":{"line":531,"type":"if","locations":[{"start":{"line":531,"column":8},"end":{"line":531,"column":8}},{"start":{"line":531,"column":8},"end":{"line":531,"column":8}}]},"32":{"line":535,"type":"if","locations":[{"start":{"line":535,"column":12},"end":{"line":535,"column":12}},{"start":{"line":535,"column":12},"end":{"line":535,"column":12}}]},"33":{"line":571,"type":"if","locations":[{"start":{"line":571,"column":12},"end":{"line":571,"column":12}},{"start":{"line":571,"column":12},"end":{"line":571,"column":12}}]},"34":{"line":594,"type":"if","locations":[{"start":{"line":594,"column":8},"end":{"line":594,"column":8}},{"start":{"line":594,"column":8},"end":{"line":594,"column":8}}]},"35":{"line":622,"type":"if","locations":[{"start":{"line":622,"column":8},"end":{"line":622,"column":8}},{"start":{"line":622,"column":8},"end":{"line":622,"column":8}}]},"36":{"line":623,"type":"if","locations":[{"start":{"line":623,"column":8},"end":{"line":623,"column":8}},{"start":{"line":623,"column":8},"end":{"line":623,"column":8}}]},"37":{"line":641,"type":"if","locations":[{"start":{"line":641,"column":8},"end":{"line":641,"column":8}},{"start":{"line":641,"column":8},"end":{"line":641,"column":8}}]},"38":{"line":659,"type":"if","locations":[{"start":{"line":659,"column":8},"end":{"line":659,"column":8}},{"start":{"line":659,"column":8},"end":{"line":659,"column":8}}]},"39":{"line":660,"type":"if","locations":[{"start":{"line":660,"column":8},"end":{"line":660,"column":8}},{"start":{"line":660,"column":8},"end":{"line":660,"column":8}}]},"40":{"line":678,"type":"if","locations":[{"start":{"line":678,"column":8},"end":{"line":678,"column":8}},{"start":{"line":678,"column":8},"end":{"line":678,"column":8}}]},"41":{"line":691,"type":"if","locations":[{"start":{"line":691,"column":12},"end":{"line":691,"column":12}},{"start":{"line":691,"column":12},"end":{"line":691,"column":12}}]},"42":{"line":696,"type":"if","locations":[{"start":{"line":696,"column":16},"end":{"line":696,"column":16}},{"start":{"line":696,"column":16},"end":{"line":696,"column":16}}]},"43":{"line":722,"type":"if","locations":[{"start":{"line":722,"column":8},"end":{"line":722,"column":8}},{"start":{"line":722,"column":8},"end":{"line":722,"column":8}}]},"44":{"line":734,"type":"if","locations":[{"start":{"line":734,"column":8},"end":{"line":734,"column":8}},{"start":{"line":734,"column":8},"end":{"line":734,"column":8}}]},"45":{"line":751,"type":"if","locations":[{"start":{"line":751,"column":8},"end":{"line":751,"column":8}},{"start":{"line":751,"column":8},"end":{"line":751,"column":8}}]},"46":{"line":758,"type":"if","locations":[{"start":{"line":758,"column":8},"end":{"line":758,"column":8}},{"start":{"line":758,"column":8},"end":{"line":758,"column":8}}]},"47":{"line":765,"type":"if","locations":[{"start":{"line":765,"column":8},"end":{"line":765,"column":8}},{"start":{"line":765,"column":8},"end":{"line":765,"column":8}}]}}},
"contracts/tokenomics/Treasury.sol":{"l":{"69":114,"70":0,"72":114,"73":114,"74":114,"75":114,"76":114,"81":8,"82":0,"84":8,"92":36,"93":22,"94":22,"96":36,"97":11,"98":11,"100":36,"101":14,"102":14,"113":8,"114":0,"117":8,"119":8,"120":8,"122":0,"126":8,"128":8,"133":18,"134":1,"138":17,"139":17,"140":1,"143":16,"144":16,"145":26,"149":16,"150":1,"153":15,"154":14,"155":14,"157":14,"166":1,"168":1,"169":0,"171":1,"173":0,"177":1,"178":0,"179":0,"180":0,"183":1,"186":1,"192":16,"193":16,"194":16,"195":16,"197":16,"198":16,"205":0,"206":0,"208":0,"209":0,"211":0,"212":0,"220":14,"226":14,"227":14,"228":14,"239":14,"245":14,"246":14,"247":14,"255":14,"256":12,"257":12,"258":12,"259":12,"261":0,"264":14,"265":14,"266":14,"268":14,"275":14,"276":14,"279":14,"282":14,"283":14,"284":14,"289":0,"290":0},"path":"/Users/kupermind/dev/onchain-protocol/contracts/tokenomics/Treasury.sol","s":{"1":114,"2":114,"3":114,"4":114,"5":114,"6":114,"7":8,"8":36,"9":22,"10":22,"11":36,"12":11,"13":11,"14":36,"15":14,"16":14,"17":8,"18":8,"19":8,"20":8,"21":8,"22":8,"23":18,"24":17,"25":17,"26":16,"27":16,"28":26,"29":16,"30":15,"31":14,"32":14,"33":14,"34":1,"35":1,"36":1,"37":0,"38":1,"39":0,"40":0,"41":1,"42":1,"43":16,"44":16,"45":16,"46":16,"47":16,"48":16,"49":0,"50":0,"51":0,"52":0,"53":0,"54":14,"55":14,"56":14,"57":14,"58":14,"59":14,"60":14,"61":14,"62":12,"63":12,"64":12,"65":12,"66":14,"67":14,"68":14,"69":14,"70":14,"71":14,"72":14,"73":14,"74":14,"75":14},"b":{"1":[0,114],"2":[0,8],"3":[22,14],"4":[11,25],"5":[14,22],"6":[0,8],"7":[8,0],"8":[1,17],"9":[1,16],"10":[1,15],"11":[1,0],"12":[0,1],"13":[0,1],"14":[0,0],"15":[16,0],"16":[16,0],"17":[0,0],"18":[0,0],"19":[14,0],"20":[12,2],"21":[12,0],"22":[14,0],"23":[14,0]},"f":{"1":114,"2":8,"3":36,"4":8,"5":18,"6":1,"7":16,"8":0,"9":14,"10":14,"11":14,"12":14,"13":14},"fnMap":{"1":{"name":"constructor","line":68,"loc":{"start":{"line":68,"column":4},"end":{"line":77,"column":4}}},"2":{"name":"onlyDepository","line":80,"loc":{"start":{"line":80,"column":4},"end":{"line":85,"column":4}}},"3":{"name":"changeManagers","line":91,"loc":{"start":{"line":91,"column":4},"end":{"line":104,"column":4}}},"4":{"name":"depositTokenForOLA","line":110,"loc":{"start":{"line":110,"column":4},"end":{"line":129,"column":4}}},"5":{"name":"depositETHFromServices","line":132,"loc":{"start":{"line":132,"column":4},"end":{"line":158,"column":4}}},"6":{"name":"withdraw","line":165,"loc":{"start":{"line":165,"column":4},"end":{"line":187,"column":4}}},"7":{"name":"enableToken","line":191,"loc":{"start":{"line":191,"column":4},"end":{"line":200,"column":4}}},"8":{"name":"disableToken","line":204,"loc":{"start":{"line":204,"column":4},"end":{"line":214,"column":4}}},"9":{"name":"isEnabled","line":219,"loc":{"start":{"line":219,"column":4},"end":{"line":221,"column":4}}},"10":{"name":"checkPair","line":225,"loc":{"start":{"line":225,"column":4},"end":{"line":240,"column":4}}},"11":{"name":"_rebalanceETH","line":244,"loc":{"start":{"line":244,"column":4},"end":{"line":249,"column":4}}},"12":{"name":"_sendFundsToDispenser","line":254,"loc":{"start":{"line":254,"column":4},"end":{"line":270,"column":4}}},"13":{"name":"allocateRewards","line":273,"loc":{"start":{"line":273,"column":4},"end":{"line":285,"column":4}}}},"statementMap":{"1":{"start":{"line":69,"column":8},"end":{"line":69,"column":2669}},"2":{"start":{"line":72,"column":8},"end":{"line":72,"column":17}},"3":{"start":{"line":73,"column":8},"end":{"line":73,"column":27}},"4":{"start":{"line":74,"column":8},"end":{"line":74,"column":31}},"5":{"start":{"line":75,"column":8},"end":{"line":75,"column":29}},"6":{"start":{"line":76,"column":8},"end":{"line":76,"column":31}},"7":{"start":{"line":81,"column":8},"end":{"line":81,"column":3017}},"8":{"start":{"line":92,"column":8},"end":{"line":92,"column":3449}},"9":{"start":{"line":93,"column":12},"end":{"line":93,"column":35}},"10":{"start":{"line":94,"column":12},"end":{"line":94,"column":47}},"11":{"start":{"line":96,"column":8},"end":{"line":96,"column":3587}},"12":{"start":{"line":97,"column":12},"end":{"line":97,"column":33}},"13":{"start":{"line":98,"column":12},"end":{"line":98,"column":45}},"14":{"start":{"line":100,"column":8},"end":{"line":100,"column":3720}},"15":{"start":{"line":101,"column":12},"end":{"line":101,"column":35}},"16":{"start":{"line":102,"column":12},"end":{"line":102,"column":47}},"17":{"start":{"line":113,"column":8},"end":{"line":113,"column":4259}},"18":{"start":{"line":117,"column":8},"end":{"line":117,"column":47}},"19":{"start":{"line":119,"column":8},"end":{"line":119,"column":4546}},"20":{"start":{"line":120,"column":12},"end":{"line":120,"column":52}},"21":{"start":{"line":126,"column":8},"end":{"line":126,"column":77}},"22":{"start":{"line":128,"column":8},"end":{"line":128,"column":71}},"23":{"start":{"line":133,"column":8},"end":{"line":133,"column":5205}},"24":{"start":{"line":138,"column":8},"end":{"line":138,"column":47}},"25":{"start":{"line":139,"column":8},"end":{"line":139,"column":5374}},"26":{"start":{"line":143,"column":8},"end":{"line":143,"column":27}},"27":{"start":{"line":144,"column":8},"end":{"line":144,"column":5525}},"28":{"start":{"line":145,"column":12},"end":{"line":145,"column":36}},"29":{"start":{"line":149,"column":8},"end":{"line":149,"column":5724}},"30":{"start":{"line":153,"column":8},"end":{"line":153,"column":120}},"31":{"start":{"line":154,"column":8},"end":{"line":154,"column":36}},"32":{"start":{"line":155,"column":8},"end":{"line":155,"column":30}},"33":{"start":{"line":157,"column":8},"end":{"line":157,"column":81}},"34":{"start":{"line":166,"column":8},"end":{"line":166,"column":6525}},"35":{"start":{"line":168,"column":12},"end":{"line":168,"column":6628}},"36":{"start":{"line":171,"column":12},"end":{"line":171,"column":51}},"37":{"start":{"line":173,"column":12},"end":{"line":173,"column":34}},"38":{"start":{"line":177,"column":8},"end":{"line":177,"column":6922}},"39":{"start":{"line":178,"column":12},"end":{"line":178,"column":62}},"40":{"start":{"line":179,"column":12},"end":{"line":179,"column":7036}},"41":{"start":{"line":183,"column":12},"end":{"line":183,"column":54}},"42":{"start":{"line":186,"column":8},"end":{"line":186,"column":43}},"43":{"start":{"line":192,"column":8},"end":{"line":192,"column":49}},"44":{"start":{"line":193,"column":8},"end":{"line":193,"column":7487}},"45":{"start":{"line":194,"column":12},"end":{"line":194,"column":7538}},"46":{"start":{"line":195,"column":16},"end":{"line":195,"column":40}},"47":{"start":{"line":197,"column":12},"end":{"line":197,"column":54}},"48":{"start":{"line":198,"column":12},"end":{"line":198,"column":35}},"49":{"start":{"line":205,"column":8},"end":{"line":205,"column":49}},"50":{"start":{"line":206,"column":8},"end":{"line":206,"column":7966}},"51":{"start":{"line":208,"column":12},"end":{"line":208,"column":8093}},"52":{"start":{"line":211,"column":12},"end":{"line":211,"column":55}},"53":{"start":{"line":212,"column":12},"end":{"line":212,"column":36}},"54":{"start":{"line":220,"column":8},"end":{"line":220,"column":63}},"55":{"start":{"line":226,"column":8},"end":{"line":226,"column":20}},"56":{"start":{"line":227,"column":8},"end":{"line":227,"column":80}},"57":{"start":{"line":239,"column":8},"end":{"line":239,"column":22}},"58":{"start":{"line":245,"column":8},"end":{"line":245,"column":9505}},"59":{"start":{"line":246,"column":12},"end":{"line":246,"column":36}},"60":{"start":{"line":247,"column":12},"end":{"line":247,"column":29}},"61":{"start":{"line":255,"column":8},"end":{"line":255,"column":9850}},"62":{"start":{"line":256,"column":12},"end":{"line":256,"column":39}},"63":{"start":{"line":257,"column":12},"end":{"line":257,"column":67}},"64":{"start":{"line":258,"column":12},"end":{"line":258,"column":10030}},"65":{"start":{"line":259,"column":16},"end":{"line":259,"column":54}},"66":{"start":{"line":264,"column":8},"end":{"line":264,"column":10245}},"67":{"start":{"line":265,"column":12},"end":{"line":265,"column":10282}},"68":{"start":{"line":266,"column":16},"end":{"line":266,"column":51}},"69":{"start":{"line":268,"column":12},"end":{"line":268,"column":50}},"70":{"start":{"line":275,"column":8},"end":{"line":275,"column":43}},"71":{"start":{"line":276,"column":8},"end":{"line":276,"column":76}},"72":{"start":{"line":279,"column":8},"end":{"line":279,"column":43}},"73":{"start":{"line":282,"column":8},"end":{"line":282,"column":95}},"74":{"start":{"line":283,"column":8},"end":{"line":283,"column":63}},"75":{"start":{"line":284,"column":8},"end":{"line":284,"column":45}}},"branchMap":{"1":{"line":69,"type":"if","locations":[{"start":{"line":69,"column":8},"end":{"line":69,"column":8}},{"start":{"line":69,"column":8},"end":{"line":69,"column":8}}]},"2":{"line":81,"type":"if","locations":[{"start":{"line":81,"column":8},"end":{"line":81,"column":8}},{"start":{"line":81,"column":8},"end":{"line":81,"column":8}}]},"3":{"line":92,"type":"if","locations":[{"start":{"line":92,"column":8},"end":{"line":92,"column":8}},{"start":{"line":92,"column":8},"end":{"line":92,"column":8}}]},"4":{"line":96,"type":"if","locations":[{"start":{"line":96,"column":8},"end":{"line":96,"column":8}},{"start":{"line":96,"column":8},"end":{"line":96,"column":8}}]},"5":{"line":100,"type":"if","locations":[{"start":{"line":100,"column":8},"end":{"line":100,"column":8}},{"start":{"line":100,"column":8},"end":{"line":100,"column":8}}]},"6":{"line":113,"type":"if","locations":[{"start":{"line":113,"column":8},"end":{"line":113,"column":8}},{"start":{"line":113,"column":8},"end":{"line":113,"column":8}}]},"7":{"line":119,"type":"if","locations":[{"start":{"line":119,"column":8},"end":{"line":119,"column":8}},{"start":{"line":119,"column":8},"end":{"line":119,"column":8}}]},"8":{"line":133,"type":"if","locations":[{"start":{"line":133,"column":8},"end":{"line":133,"column":8}},{"start":{"line":133,"column":8},"end":{"line":133,"column":8}}]},"9":{"line":139,"type":"if","locations":[{"start":{"line":139,"column":8},"end":{"line":139,"column":8}},{"start":{"line":139,"column":8},"end":{"line":139,"column":8}}]},"10":{"line":149,"type":"if","locations":[{"start":{"line":149,"column":8},"end":{"line":149,"column":8}},{"start":{"line":149,"column":8},"end":{"line":149,"column":8}}]},"11":{"line":166,"type":"if","locations":[{"start":{"line":166,"column":8},"end":{"line":166,"column":8}},{"start":{"line":166,"column":8},"end":{"line":166,"column":8}}]},"12":{"line":168,"type":"if","locations":[{"start":{"line":168,"column":12},"end":{"line":168,"column":12}},{"start":{"line":168,"column":12},"end":{"line":168,"column":12}}]},"13":{"line":177,"type":"if","locations":[{"start":{"line":177,"column":8},"end":{"line":177,"column":8}},{"start":{"line":177,"column":8},"end":{"line":177,"column":8}}]},"14":{"line":179,"type":"if","locations":[{"start":{"line":179,"column":12},"end":{"line":179,"column":12}},{"start":{"line":179,"column":12},"end":{"line":179,"column":12}}]},"15":{"line":193,"type":"if","locations":[{"start":{"line":193,"column":8},"end":{"line":193,"column":8}},{"start":{"line":193,"column":8},"end":{"line":193,"column":8}}]},"16":{"line":194,"type":"if","locations":[{"start":{"line":194,"column":12},"end":{"line":194,"column":12}},{"start":{"line":194,"column":12},"end":{"line":194,"column":12}}]},"17":{"line":206,"type":"if","locations":[{"start":{"line":206,"column":8},"end":{"line":206,"column":8}},{"start":{"line":206,"column":8},"end":{"line":206,"column":8}}]},"18":{"line":208,"type":"if","locations":[{"start":{"line":208,"column":12},"end":{"line":208,"column":12}},{"start":{"line":208,"column":12},"end":{"line":208,"column":12}}]},"19":{"line":245,"type":"if","locations":[{"start":{"line":245,"column":8},"end":{"line":245,"column":8}},{"start":{"line":245,"column":8},"end":{"line":245,"column":8}}]},"20":{"line":255,"type":"if","locations":[{"start":{"line":255,"column":8},"end":{"line":255,"column":8}},{"start":{"line":255,"column":8},"end":{"line":255,"column":8}}]},"21":{"line":258,"type":"if","locations":[{"start":{"line":258,"column":12},"end":{"line":258,"column":12}},{"start":{"line":258,"column":12},"end":{"line":258,"column":12}}]},"22":{"line":264,"type":"if","locations":[{"start":{"line":264,"column":8},"end":{"line":264,"column":8}},{"start":{"line":264,"column":8},"end":{"line":264,"column":8}}]},"23":{"line":265,"type":"if","locations":[{"start":{"line":265,"column":12},"end":{"line":265,"column":12}},{"start":{"line":265,"column":12},"end":{"line":265,"column":12}}]}}}}
