TN:
SF:/Users/kupermind/dev/onchain-protocol/contracts/governance/ERC20VotesNonTransferable.sol
FN:15,transfer
FN:20,approve
FN:25,transferFrom
FN:30,allowance
FN:36,delegates
FN:42,delegate
FN:48,delegateBySig
FNF:7
FNH:7
FNDA:1,transfer
FNDA:1,approve
FNDA:1,transferFrom
FNDA:1,allowance
FNDA:1,delegates
FNDA:1,delegate
FNDA:1,delegateBySig
DA:16,1
DA:21,1
DA:26,1
DA:32,1
DA:38,1
DA:44,1
DA:51,1
LF:7
LH:7
BRF:0
BRH:0
end_of_record
TN:
SF:/Users/kupermind/dev/onchain-protocol/contracts/governance/GovernorBravoOLA.sol
FN:26,constructor
FN:31,state
FN:43,propose
FN:55,proposalThreshold
FN:66,_execute
FN:83,_cancel
FN:95,_executor
FN:103,supportsInterface
FNF:8
FNH:8
FNDA:18,constructor
FNDA:10,state
FNDA:5,propose
FNDA:5,proposalThreshold
FNDA:2,_execute
FNDA:1,_cancel
FNDA:9,_executor
FNDA:1,supportsInterface
DA:34,10
DA:50,5
DA:57,5
DA:74,2
DA:90,1
DA:97,9
DA:106,1
LF:7
LH:7
BRF:0
BRH:0
end_of_record
TN:
SF:/Users/kupermind/dev/onchain-protocol/contracts/governance/Timelock.sol
FN:10,constructor
FNF:1
FNH:1
FNDA:21,constructor
LF:0
LH:0
BRF:0
BRH:0
end_of_record
TN:
SF:/Users/kupermind/dev/onchain-protocol/contracts/governance/VotingEscrow.sol
FN:89,constructor
FN:102,getLastUserPoint
FN:112,getNumUserPoints
FN:120,getUserPoint
FN:128,_checkpoint
FN:270,_depositFor
FN:305,checkpoint
FN:314,depositFor
FN:334,createLock
FN:360,increaseAmount
FN:380,increaseUnlockTime
FN:404,withdraw
FN:431,_findPointByBlock
FN:479,_balanceOfLocked
FN:495,balanceOf
FN:502,lockedEnd
FN:510,balanceOfAt
FN:521,getVotes
FN:529,_getBlockTime
FN:558,getPastVotes
FN:576,_supplyLockedAt
FN:601,totalSupply
FN:608,totalSupplyAt
FN:620,totalSupplyLockedAtT
FN:627,totalSupplyLocked
FN:634,getPastTotalSupply
FNF:26
FNH:26
FNDA:90,constructor
FNDA:1,getLastUserPoint
FNDA:1,getNumUserPoints
FNDA:1,getUserPoint
FNDA:45,_checkpoint
FNDA:39,_depositFor
FNDA:1,checkpoint
FNDA:13,depositFor
FNDA:25,createLock
FNDA:10,increaseAmount
FNDA:5,increaseUnlockTime
FNDA:7,withdraw
FNDA:40,_findPointByBlock
FNDA:17,_balanceOfLocked
FNDA:5,balanceOf
FNDA:1,lockedEnd
FNDA:6,balanceOfAt
FNDA:17,getVotes
FNDA:19,_getBlockTime
FNDA:11,getPastVotes
FNDA:9,_supplyLockedAt
FNDA:2,totalSupply
FNDA:6,totalSupplyAt
FNDA:2,totalSupplyLockedAtT
FNDA:1,totalSupplyLocked
FNDA:8,getPastTotalSupply
DA:91,90
DA:92,90
DA:93,90
DA:94,90
DA:96,90
DA:103,1
DA:104,1
DA:105,1
DA:113,1
DA:121,1
DA:133,45
DA:134,45
DA:135,45
DA:136,45
DA:137,45
DA:139,45
DA:142,44
DA:143,44
DA:144,18
DA:145,18
DA:147,44
DA:148,39
DA:149,39
DA:155,44
DA:156,44
DA:157,39
DA:158,17
DA:160,22
DA:165,45
DA:166,45
DA:167,28
DA:169,17
DA:171,45
DA:174,45
DA:175,45
DA:176,45
DA:177,28
DA:181,45
DA:182,45
DA:183,45
DA:186,49
DA:187,49
DA:188,49
DA:189,45
DA:191,4
DA:193,49
DA:194,49
DA:195,49
DA:197,0
DA:199,49
DA:201,0
DA:203,49
DA:204,49
DA:205,49
DA:206,49
DA:207,49
DA:208,49
DA:209,45
DA:210,45
DA:211,45
DA:213,4
DA:218,45
DA:221,45
DA:223,44
DA:224,44
DA:225,44
DA:226,0
DA:228,44
DA:229,0
DA:234,45
DA:236,45
DA:240,44
DA:242,18
DA:243,18
DA:244,17
DA:246,18
DA:249,44
DA:250,39
DA:251,22
DA:252,22
DA:257,44
DA:258,44
DA:259,44
DA:260,44
DA:277,39
DA:278,39
DA:280,39
DA:281,39
DA:283,39
DA:284,39
DA:285,22
DA:287,39
DA:293,39
DA:295,39
DA:296,39
DA:297,38
DA:300,39
DA:301,39
DA:306,1
DA:315,13
DA:317,13
DA:318,1
DA:321,12
DA:322,1
DA:325,11
DA:326,1
DA:328,10
DA:336,25
DA:337,25
DA:339,25
DA:340,1
DA:343,24
DA:344,1
DA:347,23
DA:348,1
DA:351,22
DA:352,1
DA:355,21
DA:361,10
DA:363,10
DA:364,1
DA:367,9
DA:368,1
DA:371,8
DA:372,1
DA:375,7
DA:381,5
DA:382,5
DA:384,5
DA:385,1
DA:388,4
DA:389,1
DA:392,3
DA:393,1
DA:396,2
DA:397,1
DA:400,1
DA:405,7
DA:406,7
DA:407,2
DA:409,5
DA:411,5
DA:412,5
DA:413,5
DA:418,5
DA:420,5
DA:421,5
DA:423,5
DA:435,40
DA:436,40
DA:437,17
DA:438,17
DA:439,1
DA:441,16
DA:443,23
DA:447,39
DA:448,96
DA:449,39
DA:451,57
DA:454,57
DA:455,13
DA:457,44
DA:460,57
DA:461,41
DA:463,16
DA:468,39
DA:469,16
DA:471,23
DA:480,17
DA:481,17
DA:482,12
DA:484,5
DA:485,5
DA:486,5
DA:487,5
DA:496,5
DA:503,1
DA:512,6
DA:514,6
DA:515,6
DA:522,17
DA:531,19
DA:532,2
DA:535,17
DA:536,17
DA:538,17
DA:539,17
DA:540,17
DA:541,3
DA:542,3
DA:543,3
DA:545,14
DA:546,14
DA:548,17
DA:549,17
DA:550,17
DA:560,11
DA:563,11
DA:566,10
DA:567,10
DA:568,10
DA:577,9
DA:578,9
DA:579,10
DA:580,10
DA:581,10
DA:582,9
DA:584,1
DA:586,10
DA:587,10
DA:588,9
DA:590,1
DA:591,1
DA:594,9
DA:595,8
DA:602,2
DA:610,6
DA:612,6
DA:613,6
DA:621,2
DA:622,2
DA:628,1
DA:635,8
DA:637,7
LF:224
LH:220
BRDA:104,1,0,1
BRDA:104,1,1,0
BRDA:139,2,0,44
BRDA:139,2,1,1
BRDA:143,3,0,18
BRDA:143,3,1,26
BRDA:147,4,0,39
BRDA:147,4,1,5
BRDA:156,5,0,39
BRDA:156,5,1,5
BRDA:157,6,0,17
BRDA:157,6,1,22
BRDA:166,7,0,28
BRDA:166,7,1,17
BRDA:176,8,0,28
BRDA:176,8,1,17
BRDA:188,9,0,45
BRDA:188,9,1,4
BRDA:195,10,0,0
BRDA:195,10,1,49
BRDA:199,11,0,0
BRDA:199,11,1,49
BRDA:208,12,0,45
BRDA:208,12,1,4
BRDA:221,13,0,44
BRDA:221,13,1,1
BRDA:225,14,0,0
BRDA:225,14,1,44
BRDA:228,15,0,0
BRDA:228,15,1,44
BRDA:236,16,0,44
BRDA:236,16,1,1
BRDA:240,17,0,18
BRDA:240,17,1,26
BRDA:243,18,0,17
BRDA:243,18,1,1
BRDA:249,19,0,39
BRDA:249,19,1,5
BRDA:250,20,0,22
BRDA:250,20,1,17
BRDA:284,21,0,22
BRDA:284,21,1,17
BRDA:296,22,0,38
BRDA:296,22,1,1
BRDA:317,23,0,1
BRDA:317,23,1,12
BRDA:321,24,0,1
BRDA:321,24,1,11
BRDA:325,25,0,1
BRDA:325,25,1,10
BRDA:339,26,0,1
BRDA:339,26,1,24
BRDA:343,27,0,1
BRDA:343,27,1,23
BRDA:347,28,0,1
BRDA:347,28,1,22
BRDA:351,29,0,1
BRDA:351,29,1,21
BRDA:363,30,0,1
BRDA:363,30,1,9
BRDA:367,31,0,1
BRDA:367,31,1,8
BRDA:371,32,0,1
BRDA:371,32,1,7
BRDA:384,33,0,1
BRDA:384,33,1,4
BRDA:388,34,0,1
BRDA:388,34,1,3
BRDA:392,35,0,1
BRDA:392,35,1,2
BRDA:396,36,0,1
BRDA:396,36,1,1
BRDA:406,37,0,2
BRDA:406,37,1,5
BRDA:436,38,0,17
BRDA:436,38,1,23
BRDA:438,39,0,1
BRDA:438,39,1,16
BRDA:448,40,0,39
BRDA:448,40,1,57
BRDA:454,41,0,13
BRDA:454,41,1,44
BRDA:460,42,0,41
BRDA:460,42,1,16
BRDA:468,43,0,16
BRDA:468,43,1,23
BRDA:481,44,0,12
BRDA:481,44,1,5
BRDA:486,45,0,5
BRDA:486,45,1,0
BRDA:514,46,0,6
BRDA:514,46,1,0
BRDA:531,47,0,2
BRDA:531,47,1,17
BRDA:540,48,0,3
BRDA:540,48,1,14
BRDA:549,49,0,17
BRDA:549,49,1,0
BRDA:567,50,0,10
BRDA:567,50,1,0
BRDA:581,51,0,9
BRDA:581,51,1,1
BRDA:587,52,0,9
BRDA:587,52,1,1
BRDA:594,53,0,8
BRDA:594,53,1,1
BRDA:612,54,0,6
BRDA:612,54,1,0
BRF:108
BRH:98
end_of_record
TN:
SF:/Users/kupermind/dev/onchain-protocol/contracts/interfaces/IDispenser.sol
FNF:0
FNH:0
LF:0
LH:0
BRF:0
BRH:0
end_of_record
TN:
SF:/Users/kupermind/dev/onchain-protocol/contracts/interfaces/IErrors.sol
FNF:0
FNH:0
LF:0
LH:0
BRF:0
BRH:0
end_of_record
TN:
SF:/Users/kupermind/dev/onchain-protocol/contracts/interfaces/IMultisig.sol
FNF:0
FNH:0
LF:0
LH:0
BRF:0
BRH:0
end_of_record
TN:
SF:/Users/kupermind/dev/onchain-protocol/contracts/interfaces/IOLA.sol
FNF:0
FNH:0
LF:0
LH:0
BRF:0
BRH:0
end_of_record
TN:
SF:/Users/kupermind/dev/onchain-protocol/contracts/interfaces/IRegistry.sol
FNF:0
FNH:0
LF:0
LH:0
BRF:0
BRH:0
end_of_record
TN:
SF:/Users/kupermind/dev/onchain-protocol/contracts/interfaces/IService.sol
FNF:0
FNH:0
LF:0
LH:0
BRF:0
BRH:0
end_of_record
TN:
SF:/Users/kupermind/dev/onchain-protocol/contracts/interfaces/IStructs.sol
FNF:0
FNH:0
LF:0
LH:0
BRF:0
BRH:0
end_of_record
TN:
SF:/Users/kupermind/dev/onchain-protocol/contracts/interfaces/ITokenomics.sol
FNF:0
FNH:0
LF:0
LH:0
BRF:0
BRH:0
end_of_record
TN:
SF:/Users/kupermind/dev/onchain-protocol/contracts/interfaces/ITreasury.sol
FNF:0
FNH:0
LF:0
LH:0
BRF:0
BRH:0
end_of_record
TN:
SF:/Users/kupermind/dev/onchain-protocol/contracts/interfaces/IVotingEscrow.sol
FNF:0
FNH:0
LF:0
LH:0
BRF:0
BRH:0
end_of_record
TN:
SF:/Users/kupermind/dev/onchain-protocol/contracts/multisigs/GnosisSafeMultisig.sol
FN:17,constructor
FN:24,_parseData
FN:58,create
FNF:3
FNH:3
FNDA:249,constructor
FNDA:26,_parseData
FNDA:26,create
DA:18,249
DA:19,249
DA:28,26
DA:29,1
DA:30,1
DA:65,26
DA:69,26
DA:73,26
DA:74,26
DA:75,26
LF:10
LH:10
BRDA:28,1,0,1
BRDA:28,1,1,25
BRF:2
BRH:2
end_of_record
TN:
SF:/Users/kupermind/dev/onchain-protocol/contracts/registries/AgentRegistry.sol
FN:42,constructor
FN:48,onlyManager
FN:56,checkHash
FN:70,changeManager
FN:80,_setAgentInfo
FN:105,create
FN:143,updateHash
FN:156,exists
FN:168,getInfo
FN:183,getDependencies
FN:197,getHashes
FN:209,_baseURI
FN:215,getBaseURI
FN:221,setBaseURI
FNF:14
FNH:14
FNDA:357,constructor
FNDA:146,onlyManager
FNDA:144,checkHash
FNDA:76,changeManager
FNDA:128,_setAgentInfo
FNDA:134,create
FNDA:6,updateHash
FNDA:157,exists
FNDA:2,getInfo
FNDA:43,getDependencies
FNDA:3,getHashes
FNDA:2,_baseURI
FNDA:2,getBaseURI
FNDA:1,setBaseURI
DA:43,357
DA:44,357
DA:49,146
DA:50,2
DA:52,144
DA:58,144
DA:59,2
DA:62,142
DA:63,2
DA:65,140
DA:71,76
DA:84,128
DA:85,128
DA:86,128
DA:87,128
DA:88,128
DA:89,128
DA:90,128
DA:109,134
DA:110,3
DA:114,131
DA:115,1
DA:120,130
DA:121,130
DA:122,33
DA:123,2
DA:125,31
DA:129,128
DA:130,128
DA:131,128
DA:132,128
DA:134,128
DA:145,6
DA:146,2
DA:148,4
DA:149,4
DA:150,4
DA:157,157
DA:172,2
DA:173,1
DA:175,1
DA:176,1
DA:186,43
DA:187,1
DA:189,42
DA:190,42
DA:200,3
DA:201,1
DA:203,2
DA:204,2
DA:210,2
DA:216,2
DA:222,1
LF:53
LH:53
BRDA:49,1,0,2
BRDA:49,1,1,144
BRDA:58,2,0,2
BRDA:58,2,1,142
BRDA:62,3,0,2
BRDA:62,3,1,140
BRDA:109,4,0,3
BRDA:109,4,1,131
BRDA:114,5,0,1
BRDA:114,5,1,130
BRDA:122,6,0,2
BRDA:122,6,1,31
BRDA:145,7,0,2
BRDA:145,7,1,4
BRDA:172,8,0,1
BRDA:172,8,1,1
BRDA:186,9,0,1
BRDA:186,9,1,42
BRDA:200,10,0,1
BRDA:200,10,1,2
BRF:20
BRH:20
end_of_record
TN:
SF:/Users/kupermind/dev/onchain-protocol/contracts/registries/ComponentRegistry.sol
FN:39,constructor
FN:44,onlyManager
FN:52,checkHash
FN:66,changeManager
FN:76,_setComponentInfo
FN:101,create
FN:138,updateHash
FN:152,exists
FN:164,getInfo
FN:179,getDependencies
FN:193,getHashes
FN:205,_baseURI
FN:211,getBaseURI
FN:217,setBaseURI
FNF:14
FNH:14
FNDA:411,constructor
FNDA:63,onlyManager
FNDA:61,checkHash
FNDA:25,changeManager
FNDA:43,_setComponentInfo
FNDA:51,create
FNDA:6,updateHash
FNDA:37,exists
FNDA:2,getInfo
FNDA:2,getDependencies
FNDA:3,getHashes
FNDA:2,_baseURI
FNDA:2,getBaseURI
FNDA:1,setBaseURI
DA:40,411
DA:45,63
DA:46,2
DA:48,61
DA:54,61
DA:55,2
DA:58,59
DA:59,2
DA:61,57
DA:67,25
DA:80,43
DA:81,43
DA:82,43
DA:83,43
DA:84,43
DA:85,43
DA:86,43
DA:105,51
DA:106,3
DA:110,48
DA:111,1
DA:115,47
DA:116,47
DA:117,16
DA:118,4
DA:120,12
DA:124,43
DA:125,43
DA:126,43
DA:127,43
DA:129,43
DA:141,6
DA:142,2
DA:144,4
DA:145,4
DA:146,4
DA:153,37
DA:168,2
DA:169,1
DA:171,1
DA:172,1
DA:182,2
DA:183,1
DA:185,1
DA:186,1
DA:196,3
DA:197,1
DA:199,2
DA:200,2
DA:206,2
DA:212,2
DA:218,1
LF:52
LH:52
BRDA:45,1,0,2
BRDA:45,1,1,61
BRDA:54,2,0,2
BRDA:54,2,1,59
BRDA:58,3,0,2
BRDA:58,3,1,57
BRDA:105,4,0,3
BRDA:105,4,1,48
BRDA:110,5,0,1
BRDA:110,5,1,47
BRDA:117,6,0,4
BRDA:117,6,1,12
BRDA:141,7,0,2
BRDA:141,7,1,4
BRDA:168,8,0,1
BRDA:168,8,1,1
BRDA:182,9,0,1
BRDA:182,9,1,1
BRDA:196,10,0,1
BRDA:196,10,1,2
BRF:20
BRH:20
end_of_record
TN:
SF:/Users/kupermind/dev/onchain-protocol/contracts/registries/RegistriesManager.sol
FN:15,constructor
FN:33,mintAgent
FN:41,updateAgentHash
FN:58,mintComponent
FN:66,updateComponentHash
FN:71,pause
FN:76,unpause
FNF:7
FNH:7
FNDA:18,constructor
FNDA:5,mintAgent
FNDA:1,updateAgentHash
FNDA:8,mintComponent
FNDA:1,updateComponentHash
FNDA:2,pause
FNDA:2,unpause
DA:16,18
DA:17,18
DA:35,5
DA:42,1
DA:60,8
DA:67,1
DA:72,2
DA:77,2
LF:8
LH:8
BRF:0
BRH:0
end_of_record
TN:
SF:/Users/kupermind/dev/onchain-protocol/contracts/registries/ServiceManager.sol
FN:23,constructor
FN:29,
FN:40,changeTreasury
FN:61,serviceCreate
FN:75,serviceUpdate
FN:92,serviceActivateRegistration
FN:101,serviceRegisterAgents
FN:114,serviceDeploy
FN:128,serviceTerminate
FN:136,serviceUnbond
FN:143,serviceDestroy
FN:149,serviceReward
FN:160,pause
FN:165,unpause
FNF:14
FNH:13
FNDA:42,constructor
FNDA:1,
FNDA:0,changeTreasury
FNDA:18,serviceCreate
FNDA:4,serviceUpdate
FNDA:9,serviceActivateRegistration
FNDA:15,serviceRegisterAgents
FNDA:3,serviceDeploy
FNDA:5,serviceTerminate
FNDA:4,serviceUnbond
FNDA:3,serviceDestroy
FNDA:4,serviceReward
FNDA:2,pause
FNDA:2,unpause
DA:24,42
DA:25,42
DA:30,1
DA:35,1
DA:41,0
DA:42,0
DA:63,18
DA:85,4
DA:93,9
DA:106,15
DA:120,3
DA:121,2
DA:129,5
DA:137,4
DA:144,3
DA:151,4
DA:152,4
DA:153,4
DA:154,4
DA:155,4
DA:156,2
DA:161,2
DA:166,2
LF:23
LH:21
BRF:0
BRH:0
end_of_record
TN:
SF:/Users/kupermind/dev/onchain-protocol/contracts/registries/ServiceRegistry.sol
FN:101,constructor
FN:107,onlyManager
FN:115,onlyServiceOwner
FN:123,serviceExists
FN:131,
FN:142,changeManager
FN:153,_initialChecks
FN:194,_setServiceData
FN:253,createService
FN:309,update
FN:354,activateRegistration
FN:386,registerAgents
FN:467,deploy
FN:502,slash
FN:548,terminate
FN:583,unbond
FN:641,destroy
FN:658,_getAgentInstances
FN:674,_updateServiceComponentAgentConnection
FN:745,exists
FN:762,getServiceInfo
FN:790,getInstancesForAgentId
FN:805,getConfigHashes
FN:816,getAgentIdsOfServiceId
FN:827,getComponentIdsOfServiceId
FN:837,getServiceState
FN:845,getOperatorBalance
FN:855,changeMultisigPermission
FNF:28
FNH:28
FNDA:294,constructor
FNDA:282,onlyManager
FNDA:117,onlyServiceOwner
FNDA:23,serviceExists
FNDA:1,
FNDA:73,changeManager
FNDA:94,_initialChecks
FNDA:83,_setServiceData
FNDA:89,createService
FNDA:8,update
FNDA:57,activateRegistration
FNDA:59,registerAgents
FNDA:29,deploy
FNDA:7,slash
FNDA:13,terminate
FNDA:10,unbond
FNDA:6,destroy
FNDA:29,_getAgentInstances
FNDA:26,_updateServiceComponentAgentConnection
FNDA:41,exists
FNDA:3,getServiceInfo
FNDA:2,getInstancesForAgentId
FNDA:2,getConfigHashes
FNDA:43,getAgentIdsOfServiceId
FNDA:25,getComponentIdsOfServiceId
FNDA:14,getServiceState
FNDA:7,getOperatorBalance
FNDA:22,changeMultisigPermission
DA:103,294
DA:108,282
DA:109,5
DA:111,277
DA:116,117
DA:117,4
DA:119,113
DA:124,23
DA:125,2
DA:127,21
DA:132,1
DA:137,1
DA:143,73
DA:144,73
DA:162,94
DA:163,2
DA:167,92
DA:168,2
DA:172,90
DA:173,3
DA:177,87
DA:178,87
DA:179,155
DA:180,3
DA:182,152
DA:205,83
DA:206,83
DA:207,83
DA:208,83
DA:210,83
DA:213,83
DA:214,145
DA:215,145
DA:216,145
DA:218,145
DA:219,83
DA:222,83
DA:225,83
DA:226,83
DA:227,54
DA:229,29
DA:231,83
DA:232,2
DA:256,89
DA:257,1
DA:261,88
DA:264,78
DA:265,135
DA:266,1
DA:271,77
DA:272,77
DA:275,77
DA:277,77
DA:280,77
DA:283,75
DA:285,75
DA:287,75
DA:311,8
DA:312,8
DA:313,2
DA:317,6
DA:320,6
DA:321,6
DA:322,6
DA:323,6
DA:324,15
DA:325,3
DA:327,12
DA:328,12
DA:329,12
DA:333,6
DA:335,6
DA:336,1
DA:340,6
DA:342,6
DA:343,6
DA:358,57
DA:360,57
DA:361,1
DA:364,56
DA:365,2
DA:369,54
DA:371,54
DA:372,54
DA:389,59
DA:390,0
DA:393,59
DA:395,59
DA:396,7
DA:400,52
DA:401,52
DA:402,52
DA:404,78
DA:405,78
DA:406,1
DA:408,77
DA:410,51
DA:411,1
DA:414,50
DA:415,76
DA:416,76
DA:421,76
DA:422,2
DA:426,74
DA:427,1
DA:431,73
DA:432,2
DA:436,71
DA:437,71
DA:438,71
DA:439,71
DA:441,71
DA:445,45
DA:446,29
DA:450,45
DA:452,45
DA:453,45
DA:470,29
DA:471,1
DA:474,28
DA:475,28
DA:476,2
DA:480,26
DA:483,26
DA:485,26
DA:488,26
DA:490,26
DA:491,26
DA:493,26
DA:505,7
DA:506,1
DA:509,6
DA:511,6
DA:512,2
DA:516,4
DA:517,4
DA:519,4
DA:522,4
DA:523,4
DA:525,1
DA:526,1
DA:528,3
DA:529,3
DA:531,4
DA:533,4
DA:536,4
DA:551,13
DA:553,13
DA:555,2
DA:558,11
DA:559,6
DA:561,5
DA:565,11
DA:567,11
DA:568,11
DA:570,0
DA:573,11
DA:574,11
DA:575,11
DA:586,10
DA:588,10
DA:589,3
DA:593,7
DA:594,7
DA:595,7
DA:596,1
DA:600,6
DA:601,6
DA:602,6
DA:606,6
DA:607,6
DA:608,8
DA:610,8
DA:614,6
DA:616,6
DA:617,3
DA:621,6
DA:623,5
DA:625,5
DA:626,5
DA:628,0
DA:632,6
DA:633,6
DA:634,6
DA:644,6
DA:645,6
DA:646,1
DA:649,5
DA:651,5
DA:652,5
DA:661,29
DA:662,29
DA:663,29
DA:664,46
DA:665,46
DA:666,48
DA:667,48
DA:675,26
DA:677,26
DA:679,26
DA:680,26
DA:682,26
DA:684,26
DA:687,26
DA:688,26
DA:689,41
DA:690,41
DA:694,26
DA:696,26
DA:698,26
DA:700,26
DA:702,26
DA:704,36
DA:706,36
DA:707,36
DA:709,36
DA:711,73
DA:712,60
DA:714,51
DA:715,30
DA:716,30
DA:718,51
DA:719,51
DA:723,36
DA:726,36
DA:727,30
DA:728,30
DA:730,6
DA:734,26
DA:735,26
DA:736,30
DA:738,26
DA:746,41
DA:767,3
DA:768,3
DA:769,3
DA:770,3
DA:771,3
DA:772,5
DA:774,3
DA:775,3
DA:776,3
DA:777,3
DA:778,3
DA:779,3
DA:780,3
DA:781,3
DA:782,3
DA:793,2
DA:794,2
DA:795,2
DA:796,2
DA:797,2
DA:808,2
DA:809,2
DA:819,43
DA:820,43
DA:830,25
DA:831,25
DA:838,14
DA:848,7
DA:856,22
DA:857,2
DA:859,20
DA:860,20
LF:265
LH:262
BRDA:108,1,0,5
BRDA:108,1,1,277
BRDA:116,2,0,4
BRDA:116,2,1,113
BRDA:124,3,0,2
BRDA:124,3,1,21
BRDA:162,4,0,2
BRDA:162,4,1,92
BRDA:167,5,0,2
BRDA:167,5,1,90
BRDA:172,6,0,3
BRDA:172,6,1,87
BRDA:179,7,0,3
BRDA:179,7,1,152
BRDA:218,8,0,83
BRDA:218,8,1,62
BRDA:226,9,0,54
BRDA:226,9,1,29
BRDA:231,10,0,2
BRDA:231,10,1,81
BRDA:256,11,0,1
BRDA:256,11,1,88
BRDA:265,12,0,1
BRDA:265,12,1,134
BRDA:312,13,0,2
BRDA:312,13,1,6
BRDA:324,14,0,3
BRDA:324,14,1,12
BRDA:335,15,0,1
BRDA:335,15,1,5
BRDA:360,16,0,1
BRDA:360,16,1,56
BRDA:364,17,0,2
BRDA:364,17,1,54
BRDA:389,18,0,0
BRDA:389,18,1,59
BRDA:395,19,0,7
BRDA:395,19,1,52
BRDA:405,20,0,1
BRDA:405,20,1,77
BRDA:410,21,0,1
BRDA:410,21,1,50
BRDA:421,22,0,2
BRDA:421,22,1,74
BRDA:426,23,0,1
BRDA:426,23,1,73
BRDA:431,24,0,2
BRDA:431,24,1,71
BRDA:445,25,0,29
BRDA:445,25,1,16
BRDA:470,26,0,1
BRDA:470,26,1,28
BRDA:475,27,0,2
BRDA:475,27,1,26
BRDA:505,28,0,1
BRDA:505,28,1,6
BRDA:511,29,0,2
BRDA:511,29,1,4
BRDA:523,30,0,1
BRDA:523,30,1,3
BRDA:553,31,0,2
BRDA:553,31,1,11
BRDA:558,32,0,6
BRDA:558,32,1,5
BRDA:568,33,0,0
BRDA:568,33,1,11
BRDA:588,34,0,3
BRDA:588,34,1,7
BRDA:595,35,0,1
BRDA:595,35,1,6
BRDA:601,36,0,6
BRDA:601,36,1,0
BRDA:616,37,0,3
BRDA:616,37,1,3
BRDA:621,38,0,5
BRDA:621,38,1,1
BRDA:626,39,0,0
BRDA:626,39,1,5
BRDA:645,40,0,1
BRDA:645,40,1,5
BRDA:712,41,0,51
BRDA:712,41,1,9
BRDA:714,42,0,30
BRDA:714,42,1,21
BRDA:726,43,0,30
BRDA:726,43,1,6
BRDA:856,44,0,2
BRDA:856,44,1,20
BRF:88
BRH:84
end_of_record
TN:
SF:/Users/kupermind/dev/onchain-protocol/contracts/test/ERC20Token.sol
FN:8,constructor
FN:10,mint
FNF:2
FNH:2
FNDA:78,constructor
FNDA:24,mint
DA:11,24
LF:1
LH:1
BRF:0
BRH:0
end_of_record
TN:
SF:/Users/kupermind/dev/onchain-protocol/contracts/test/UniswapFactory.sol
FNF:0
FNH:0
LF:0
LH:0
BRF:0
BRH:0
end_of_record
TN:
SF:/Users/kupermind/dev/onchain-protocol/contracts/test/UniswapRouter.sol
FNF:0
FNH:0
LF:0
LH:0
BRF:0
BRH:0
end_of_record
TN:
SF:/Users/kupermind/dev/onchain-protocol/contracts/tokenomics/Depository.sol
FN:62,constructor
FN:71,changeManagers
FN:90,deposit
FN:144,redeem
FN:162,redeemAll
FN:169,getPendingBonds
FN:199,getBondStatus
FN:210,create
FN:232,close
FN:241,isActive
FN:249,getActiveProductsForToken
FN:277,getProduct
FNF:12
FNH:11
FNDA:66,constructor
FNDA:0,changeManagers
FNDA:8,deposit
FNDA:3,redeem
FNDA:3,redeemAll
FNDA:4,getPendingBonds
FNDA:4,getBondStatus
FNDA:14,create
FNDA:2,close
FNDA:7,isActive
FNDA:3,getActiveProductsForToken
FNDA:3,getProduct
DA:63,66
DA:64,66
DA:65,66
DA:72,0
DA:73,0
DA:74,0
DA:76,0
DA:77,0
DA:78,0
DA:93,8
DA:95,8
DA:96,0
DA:100,8
DA:101,8
DA:102,0
DA:106,8
DA:109,8
DA:110,1
DA:114,7
DA:115,7
DA:116,7
DA:118,7
DA:119,7
DA:122,7
DA:123,7
DA:126,7
DA:129,7
DA:130,1
DA:133,6
DA:135,6
DA:137,6
DA:145,3
DA:147,3
DA:150,3
DA:151,2
DA:152,2
DA:156,3
DA:163,3
DA:170,4
DA:173,4
DA:174,4
DA:175,4
DA:176,4
DA:177,4
DA:178,4
DA:179,4
DA:184,4
DA:185,4
DA:186,4
DA:187,4
DA:188,4
DA:189,4
DA:200,4
DA:201,4
DA:202,4
DA:212,14
DA:213,0
DA:217,14
DA:218,0
DA:222,14
DA:223,14
DA:224,14
DA:226,14
DA:233,2
DA:235,2
DA:242,7
DA:251,3
DA:252,3
DA:253,3
DA:254,3
DA:255,5
DA:256,4
DA:257,4
DA:262,3
DA:263,3
DA:264,3
DA:265,5
DA:266,4
DA:267,4
DA:270,3
DA:278,3
LF:81
LH:71
BRDA:72,1,0,0
BRDA:72,1,1,0
BRDA:76,2,0,0
BRDA:76,2,1,0
BRDA:95,3,0,0
BRDA:95,3,1,8
BRDA:101,4,0,0
BRDA:101,4,1,8
BRDA:109,5,0,1
BRDA:109,5,1,7
BRDA:129,6,0,1
BRDA:129,6,1,6
BRDA:150,7,0,2
BRDA:150,7,1,1
BRDA:177,8,0,4
BRDA:177,8,1,0
BRDA:187,9,0,4
BRDA:187,9,1,0
BRDA:212,10,0,0
BRDA:212,10,1,14
BRDA:217,11,0,0
BRDA:217,11,1,14
BRDA:255,12,0,4
BRDA:255,12,1,1
BRDA:265,13,0,4
BRDA:265,13,1,1
BRF:26
BRH:16
end_of_record
TN:
SF:/Users/kupermind/dev/onchain-protocol/contracts/tokenomics/Dispenser.sol
FN:30,constructor
FN:37,changeTokenomics
FN:46,withdrawOwnerRewards
FN:65,withdrawStakingRewards
FNF:4
FNH:3
FNDA:33,constructor
FNDA:0,changeTokenomics
FNDA:21,withdrawOwnerRewards
FNDA:4,withdrawStakingRewards
DA:31,33
DA:32,33
DA:38,0
DA:39,0
DA:49,21
DA:50,21
DA:51,21
DA:52,19
DA:53,19
DA:54,0
DA:57,21
DA:58,19
DA:68,4
DA:70,4
DA:71,4
DA:73,4
DA:75,4
DA:77,4
DA:78,4
DA:79,4
DA:80,0
DA:83,4
DA:84,4
DA:90,12
LF:24
LH:20
BRDA:51,1,0,19
BRDA:51,1,1,2
BRDA:53,2,0,0
BRDA:53,2,1,19
BRDA:57,3,0,19
BRDA:57,3,1,2
BRDA:77,4,0,4
BRDA:77,4,1,0
BRDA:79,5,0,0
BRDA:79,5,1,4
BRDA:83,6,0,4
BRDA:83,6,1,0
BRF:12
BRH:8
end_of_record
TN:
SF:/Users/kupermind/dev/onchain-protocol/contracts/tokenomics/OLA.sol
FN:28,constructor
FN:36,onlyManager
FN:45,changeMinter
FN:53,mint
FN:62,inflationControl
FN:73,inflationRemainder
FNF:6
FNH:6
FNDA:195,constructor
FNDA:87,onlyManager
FNDA:46,changeMinter
FNDA:86,mint
FNDA:86,inflationControl
FNDA:105,inflationRemainder
DA:29,195
DA:30,195
DA:31,195
DA:32,24
DA:37,87
DA:38,1
DA:40,86
DA:46,46
DA:47,46
DA:54,86
DA:55,82
DA:64,86
DA:65,86
DA:66,4
DA:68,82
DA:74,105
DA:76,105
DA:77,105
DA:79,101
DA:82,4
DA:84,4
DA:85,4
DA:86,10
DA:89,4
LF:24
LH:24
BRDA:31,1,0,24
BRDA:31,1,1,171
BRDA:37,2,0,1
BRDA:37,2,1,86
BRDA:54,3,0,82
BRDA:54,3,1,4
BRDA:65,4,0,4
BRDA:65,4,1,82
BRDA:77,5,0,101
BRDA:77,5,1,4
BRF:10
BRH:10
end_of_record
TN:
SF:/Users/kupermind/dev/onchain-protocol/contracts/tokenomics/Tokenomics.sol
FN:117,constructor
FN:145,onlyTreasury
FN:153,onlyDepository
FN:161,onlyDispenser
FN:173,changeManagers
FN:194,getCurrentEpoch
FN:220,changeTokenomicsParameters
FN:246,changeRewardFraction
FN:265,changeServiceOwnerWhiteList
FN:279,isAllowedMint
FN:290,_getInflationRemainderForYear
FN:309,allowedNewBond
FN:318,usedBond
FN:323,trackServicesETHRevenue
FN:357,_calculateUnitTokenomics
FN:452,_clearEpochData
FN:462,checkpoint
FN:474,_adjustMaxBond
FN:493,getTopUpPerEpoch
FN:498,_checkpoint
FN:591,calculatePayoutFromLP
FN:607,_calculatePayoutFromLP
FN:656,getAmountOut
FN:674,calculateStakingRewards
FN:707,getPoint
FN:712,getLastPoint
FN:719,getDF
FN:730,_add
FN:741,getUCF
FN:781,getOwnerRewards
FN:790,accountOwnerRewards
FNF:31
FNH:27
FNDA:114,constructor
FNDA:29,onlyTreasury
FNDA:21,onlyDepository
FNDA:21,onlyDispenser
FNDA:24,changeManagers
FNDA:10,getCurrentEpoch
FNDA:0,changeTokenomicsParameters
FNDA:11,changeRewardFraction
FNDA:14,changeServiceOwnerWhiteList
FNDA:36,isAllowedMint
FNDA:36,_getInflationRemainderForYear
FNDA:14,allowedNewBond
FNDA:7,usedBond
FNDA:15,trackServicesETHRevenue
FNDA:18,_calculateUnitTokenomics
FNDA:14,_clearEpochData
FNDA:14,checkpoint
FNDA:0,_adjustMaxBond
FNDA:19,getTopUpPerEpoch
FNDA:14,_checkpoint
FNDA:9,calculatePayoutFromLP
FNDA:9,_calculatePayoutFromLP
FNDA:9,getAmountOut
FNDA:4,calculateStakingRewards
FNDA:0,getPoint
FNDA:14,getLastPoint
FNDA:2,getDF
FNDA:21,_add
FNDA:9,getUCF
FNDA:0,getOwnerRewards
FNDA:21,accountOwnerRewards
DA:120,114
DA:121,114
DA:122,114
DA:123,114
DA:124,114
DA:125,114
DA:126,114
DA:127,114
DA:128,114
DA:129,114
DA:131,114
DA:132,114
DA:133,114
DA:134,114
DA:135,114
DA:136,114
DA:137,114
DA:138,114
DA:139,114
DA:140,114
DA:141,114
DA:146,29
DA:147,0
DA:149,29
DA:154,21
DA:155,0
DA:157,21
DA:162,21
DA:163,0
DA:165,21
DA:174,24
DA:175,24
DA:176,24
DA:178,24
DA:179,22
DA:180,22
DA:182,24
DA:183,11
DA:184,11
DA:186,24
DA:187,11
DA:188,11
DA:195,10
DA:221,0
DA:222,0
DA:223,0
DA:224,0
DA:225,0
DA:226,0
DA:228,0
DA:229,0
DA:230,0
DA:231,0
DA:248,11
DA:249,0
DA:253,11
DA:254,0
DA:257,11
DA:258,11
DA:259,11
DA:261,11
DA:262,11
DA:266,14
DA:268,14
DA:269,1
DA:271,13
DA:272,13
DA:280,36
DA:282,36
DA:283,0
DA:285,36
DA:292,36
DA:294,36
DA:296,36
DA:298,36
DA:300,36
DA:301,36
DA:303,0
DA:310,14
DA:311,14
DA:312,14
DA:314,0
DA:319,7
DA:327,15
DA:328,15
DA:330,24
DA:331,1
DA:334,23
DA:336,23
DA:337,1
DA:340,22
DA:341,22
DA:343,22
DA:344,22
DA:348,14
DA:349,14
DA:360,18
DA:363,18
DA:365,18
DA:367,18
DA:369,18
DA:372,18
DA:373,33
DA:374,33
DA:375,33
DA:376,33
DA:377,12
DA:379,21
DA:382,33
DA:383,33
DA:385,66
DA:386,66
DA:391,18
DA:392,33
DA:393,33
DA:394,33
DA:395,33
DA:396,12
DA:398,21
DA:400,33
DA:402,66
DA:404,33
DA:408,18
DA:410,47
DA:411,47
DA:413,43
DA:415,43
DA:417,43
DA:419,43
DA:420,43
DA:421,17
DA:423,26
DA:425,43
DA:428,43
DA:429,14
DA:430,14
DA:432,23
DA:433,23
DA:436,43
DA:437,20
DA:438,20
DA:444,18
DA:445,33
DA:448,18
DA:453,14
DA:454,14
DA:455,21
DA:457,14
DA:458,14
DA:463,14
DA:465,14
DA:466,14
DA:467,14
DA:468,14
DA:476,0
DA:477,0
DA:478,0
DA:480,0
DA:481,0
DA:482,0
DA:483,0
DA:485,0
DA:488,0
DA:494,19
DA:502,14
DA:503,14
DA:504,14
DA:505,14
DA:506,14
DA:507,14
DA:510,14
DA:511,14
DA:512,14
DA:513,14
DA:516,14
DA:517,14
DA:520,14
DA:522,14
DA:523,0
DA:527,14
DA:529,14
DA:530,14
DA:531,14
DA:533,12
DA:535,12
DA:536,6
DA:538,6
DA:540,12
DA:541,12
DA:544,12
DA:545,12
DA:546,12
DA:549,12
DA:550,12
DA:554,12
DA:556,12
DA:558,12
DA:560,12
DA:562,12
DA:564,12
DA:566,12
DA:568,12
DA:571,12
DA:572,3
DA:575,12
DA:578,14
DA:579,14
DA:581,14
DA:582,14
DA:584,14
DA:593,9
DA:594,9
DA:595,2
DA:598,7
DA:611,9
DA:612,9
DA:613,9
DA:614,9
DA:615,9
DA:616,9
DA:619,9
DA:620,9
DA:622,9
DA:623,9
DA:626,9
DA:627,9
DA:630,9
DA:631,9
DA:632,9
DA:633,9
DA:635,9
DA:638,9
DA:641,9
DA:642,0
DA:659,9
DA:660,9
DA:662,9
DA:663,9
DA:664,9
DA:665,9
DA:678,4
DA:679,4
DA:682,4
DA:684,6
DA:686,6
DA:688,6
DA:691,6
DA:693,6
DA:696,6
DA:697,6
DA:698,6
DA:708,0
DA:713,14
DA:721,2
DA:722,2
DA:723,1
DA:725,1
DA:733,21
DA:734,21
DA:735,21
DA:742,9
DA:745,9
DA:748,9
DA:749,9
DA:751,9
DA:752,5
DA:756,9
DA:758,9
DA:759,0
DA:761,9
DA:764,9
DA:765,9
DA:766,0
DA:768,9
DA:769,9
DA:770,9
DA:771,9
DA:772,9
DA:773,9
DA:774,9
DA:782,0
DA:783,0
DA:791,21
DA:792,21
DA:793,21
DA:794,21
LF:286
LH:252
BRDA:146,1,0,0
BRDA:146,1,1,29
BRDA:154,2,0,0
BRDA:154,2,1,21
BRDA:162,3,0,0
BRDA:162,3,1,21
BRDA:174,4,0,24
BRDA:174,4,1,0
BRDA:178,5,0,22
BRDA:178,5,1,2
BRDA:182,6,0,11
BRDA:182,6,1,13
BRDA:186,7,0,11
BRDA:186,7,1,13
BRDA:248,8,0,0
BRDA:248,8,1,11
BRDA:253,9,0,0
BRDA:253,9,1,11
BRDA:268,10,0,1
BRDA:268,10,1,13
BRDA:282,11,0,0
BRDA:282,11,1,36
BRDA:298,12,0,36
BRDA:298,12,1,0
BRDA:310,13,0,14
BRDA:310,13,1,0
BRDA:330,14,0,1
BRDA:330,14,1,23
BRDA:336,15,0,1
BRDA:336,15,1,22
BRDA:340,16,0,22
BRDA:340,16,1,0
BRDA:376,17,0,12
BRDA:376,17,1,21
BRDA:395,18,0,12
BRDA:395,18,1,21
BRDA:411,19,0,43
BRDA:411,19,1,4
BRDA:420,20,0,17
BRDA:420,20,1,26
BRDA:428,21,0,14
BRDA:428,21,1,29
BRDA:431,22,0,23
BRDA:431,22,1,6
BRDA:436,23,0,20
BRDA:436,23,1,23
BRDA:465,24,0,14
BRDA:465,24,1,0
BRDA:467,25,0,14
BRDA:467,25,1,0
BRDA:476,26,0,0
BRDA:476,26,1,0
BRDA:480,27,0,0
BRDA:480,27,1,0
BRDA:482,28,0,0
BRDA:482,28,1,0
BRDA:516,29,0,14
BRDA:516,29,1,0
BRDA:522,30,0,0
BRDA:522,30,1,14
BRDA:531,31,0,12
BRDA:531,31,1,2
BRDA:535,32,0,6
BRDA:535,32,1,6
BRDA:571,33,0,3
BRDA:571,33,1,9
BRDA:594,34,0,2
BRDA:594,34,1,7
BRDA:622,35,0,9
BRDA:622,35,1,0
BRDA:623,36,0,9
BRDA:623,36,1,0
BRDA:641,37,0,0
BRDA:641,37,1,9
BRDA:659,38,0,9
BRDA:659,38,1,0
BRDA:660,39,0,9
BRDA:660,39,1,0
BRDA:678,40,0,4
BRDA:678,40,1,0
BRDA:691,41,0,6
BRDA:691,41,1,0
BRDA:696,42,0,6
BRDA:696,42,1,0
BRDA:722,43,0,1
BRDA:722,43,1,1
BRDA:734,44,0,11
BRDA:734,44,1,10
BRDA:751,45,0,5
BRDA:751,45,1,4
BRDA:758,46,0,0
BRDA:758,46,1,9
BRDA:765,47,0,0
BRDA:765,47,1,9
BRF:94
BRH:64
end_of_record
TN:
SF:/Users/kupermind/dev/onchain-protocol/contracts/tokenomics/Treasury.sol
FN:68,constructor
FN:80,onlyDepository
FN:91,changeManagers
FN:110,depositTokenForOLA
FN:132,depositETHFromServices
FN:165,withdraw
FN:191,enableToken
FN:204,disableToken
FN:219,isEnabled
FN:225,checkPair
FN:244,_rebalanceETH
FN:254,_sendFundsToDispenser
FN:273,allocateRewards
FNF:13
FNH:12
FNDA:114,constructor
FNDA:8,onlyDepository
FNDA:36,changeManagers
FNDA:8,depositTokenForOLA
FNDA:18,depositETHFromServices
FNDA:1,withdraw
FNDA:16,enableToken
FNDA:0,disableToken
FNDA:14,isEnabled
FNDA:14,checkPair
FNDA:14,_rebalanceETH
FNDA:14,_sendFundsToDispenser
FNDA:14,allocateRewards
DA:69,114
DA:70,0
DA:72,114
DA:73,114
DA:74,114
DA:75,114
DA:76,114
DA:81,8
DA:82,0
DA:84,8
DA:92,36
DA:93,22
DA:94,22
DA:96,36
DA:97,11
DA:98,11
DA:100,36
DA:101,14
DA:102,14
DA:113,8
DA:114,0
DA:117,8
DA:119,8
DA:120,8
DA:122,0
DA:126,8
DA:128,8
DA:133,18
DA:134,1
DA:138,17
DA:139,17
DA:140,1
DA:143,16
DA:144,16
DA:145,26
DA:149,16
DA:150,1
DA:153,15
DA:154,14
DA:155,14
DA:157,14
DA:166,1
DA:168,1
DA:169,0
DA:171,1
DA:173,0
DA:177,1
DA:178,0
DA:179,0
DA:180,0
DA:183,1
DA:186,1
DA:192,16
DA:193,16
DA:194,16
DA:195,16
DA:197,16
DA:198,16
DA:205,0
DA:206,0
DA:208,0
DA:209,0
DA:211,0
DA:212,0
DA:220,14
DA:226,14
DA:227,14
DA:228,14
DA:239,14
DA:245,14
DA:246,14
DA:247,14
DA:255,14
DA:256,12
DA:257,12
DA:258,12
DA:259,12
DA:261,0
DA:264,14
DA:265,14
DA:266,14
DA:268,14
DA:275,14
DA:276,14
DA:279,14
DA:282,14
DA:283,14
DA:284,14
DA:289,0
DA:290,0
LF:90
LH:72
BRDA:69,1,0,0
BRDA:69,1,1,114
BRDA:81,2,0,0
BRDA:81,2,1,8
BRDA:92,3,0,22
BRDA:92,3,1,14
BRDA:96,4,0,11
BRDA:96,4,1,25
BRDA:100,5,0,14
BRDA:100,5,1,22
BRDA:113,6,0,0
BRDA:113,6,1,8
BRDA:119,7,0,8
BRDA:119,7,1,0
BRDA:133,8,0,1
BRDA:133,8,1,17
BRDA:139,9,0,1
BRDA:139,9,1,16
BRDA:149,10,0,1
BRDA:149,10,1,15
BRDA:166,11,0,1
BRDA:166,11,1,0
BRDA:168,12,0,0
BRDA:168,12,1,1
BRDA:177,13,0,0
BRDA:177,13,1,1
BRDA:179,14,0,0
BRDA:179,14,1,0
BRDA:193,15,0,16
BRDA:193,15,1,0
BRDA:194,16,0,16
BRDA:194,16,1,0
BRDA:206,17,0,0
BRDA:206,17,1,0
BRDA:208,18,0,0
BRDA:208,18,1,0
BRDA:245,19,0,14
BRDA:245,19,1,0
BRDA:255,20,0,12
BRDA:255,20,1,2
BRDA:258,21,0,12
BRDA:258,21,1,0
BRDA:264,22,0,14
BRDA:264,22,1,0
BRDA:265,23,0,14
BRDA:265,23,1,0
BRF:46
BRH:27
end_of_record
